mode: set
code-intelligence.com/cifuzz/integration-tests/shared/mockserver/server.go:27.36,33.2 1 1
code-intelligence.com/cifuzz/integration-tests/shared/mockserver/server.go:35.47,37.45 2 1
code-intelligence.com/cifuzz/integration-tests/shared/mockserver/server.go:37.45,39.3 1 1
code-intelligence.com/cifuzz/integration-tests/shared/mockserver/server.go:41.2,46.12 4 1
code-intelligence.com/cifuzz/integration-tests/shared/mockserver/server.go:46.12,49.3 2 1
code-intelligence.com/cifuzz/integration-tests/shared/mockserver/server.go:52.75,53.56 1 1
code-intelligence.com/cifuzz/integration-tests/shared/mockserver/server.go:53.56,58.3 4 1
code-intelligence.com/cifuzz/integration-tests/shared/mockserver/server.go:61.51,62.56 1 1
code-intelligence.com/cifuzz/integration-tests/shared/mockserver/server.go:62.56,64.3 1 0
code-intelligence.com/cifuzz/internal/api/api.go:37.34,39.2 1 0
code-intelligence.com/cifuzz/internal/api/api.go:41.50,42.48 1 0
code-intelligence.com/cifuzz/internal/api/api.go:42.48,44.3 1 0
code-intelligence.com/cifuzz/internal/api/api.go:44.8,46.3 1 0
code-intelligence.com/cifuzz/internal/api/api.go:49.34,51.2 1 0
code-intelligence.com/cifuzz/internal/api/api.go:53.52,56.16 3 0
code-intelligence.com/cifuzz/internal/api/api.go:56.16,58.3 1 0
code-intelligence.com/cifuzz/internal/api/api.go:59.2,64.16 3 0
code-intelligence.com/cifuzz/internal/api/api.go:64.16,66.3 1 0
code-intelligence.com/cifuzz/internal/api/api.go:67.2,67.99 1 0
code-intelligence.com/cifuzz/internal/api/api.go:75.41,77.2 1 0
code-intelligence.com/cifuzz/internal/api/api.go:79.41,81.2 1 0
code-intelligence.com/cifuzz/internal/api/api.go:86.43,88.2 1 0
code-intelligence.com/cifuzz/internal/api/api.go:102.58,107.2 1 1
code-intelligence.com/cifuzz/internal/api/api.go:109.105,116.27 5 0
code-intelligence.com/cifuzz/internal/api/api.go:116.27,117.10 1 0
code-intelligence.com/cifuzz/internal/api/api.go:118.34,119.14 1 0
code-intelligence.com/cifuzz/internal/api/api.go:120.20,122.54 2 0
code-intelligence.com/cifuzz/internal/api/api.go:127.2,131.27 3 0
code-intelligence.com/cifuzz/internal/api/api.go:131.27,136.17 4 0
code-intelligence.com/cifuzz/internal/api/api.go:136.17,138.4 1 0
code-intelligence.com/cifuzz/internal/api/api.go:140.3,141.17 2 0
code-intelligence.com/cifuzz/internal/api/api.go:141.17,143.4 1 0
code-intelligence.com/cifuzz/internal/api/api.go:145.3,146.17 2 0
code-intelligence.com/cifuzz/internal/api/api.go:146.17,148.4 1 0
code-intelligence.com/cifuzz/internal/api/api.go:149.3,153.20 4 0
code-intelligence.com/cifuzz/internal/api/api.go:153.20,156.4 2 0
code-intelligence.com/cifuzz/internal/api/api.go:156.9,158.4 1 0
code-intelligence.com/cifuzz/internal/api/api.go:160.3,161.31 2 0
code-intelligence.com/cifuzz/internal/api/api.go:168.2,169.27 2 0
code-intelligence.com/cifuzz/internal/api/api.go:169.27,173.17 4 0
code-intelligence.com/cifuzz/internal/api/api.go:173.17,175.4 1 0
code-intelligence.com/cifuzz/internal/api/api.go:176.3,177.17 2 0
code-intelligence.com/cifuzz/internal/api/api.go:177.17,179.4 1 0
code-intelligence.com/cifuzz/internal/api/api.go:181.3,187.17 6 0
code-intelligence.com/cifuzz/internal/api/api.go:187.17,189.4 1 0
code-intelligence.com/cifuzz/internal/api/api.go:190.3,192.29 2 0
code-intelligence.com/cifuzz/internal/api/api.go:192.29,194.4 1 0
code-intelligence.com/cifuzz/internal/api/api.go:196.3,197.17 2 0
code-intelligence.com/cifuzz/internal/api/api.go:197.17,199.4 1 0
code-intelligence.com/cifuzz/internal/api/api.go:201.3,201.13 1 0
code-intelligence.com/cifuzz/internal/api/api.go:204.2,205.16 2 0
code-intelligence.com/cifuzz/internal/api/api.go:205.16,207.3 1 0
code-intelligence.com/cifuzz/internal/api/api.go:209.2,211.16 3 0
code-intelligence.com/cifuzz/internal/api/api.go:211.16,215.3 3 0
code-intelligence.com/cifuzz/internal/api/api.go:217.2,217.22 1 0
code-intelligence.com/cifuzz/internal/api/api.go:220.98,222.16 2 0
code-intelligence.com/cifuzz/internal/api/api.go:222.16,224.3 1 0
code-intelligence.com/cifuzz/internal/api/api.go:225.2,226.16 2 0
code-intelligence.com/cifuzz/internal/api/api.go:226.16,228.3 1 0
code-intelligence.com/cifuzz/internal/api/api.go:229.2,231.28 2 0
code-intelligence.com/cifuzz/internal/api/api.go:231.28,233.3 1 0
code-intelligence.com/cifuzz/internal/api/api.go:236.2,237.16 2 0
code-intelligence.com/cifuzz/internal/api/api.go:237.16,239.3 1 0
code-intelligence.com/cifuzz/internal/api/api.go:240.2,242.16 3 0
code-intelligence.com/cifuzz/internal/api/api.go:242.16,244.3 1 0
code-intelligence.com/cifuzz/internal/api/api.go:245.2,246.9 2 0
code-intelligence.com/cifuzz/internal/api/api.go:246.9,250.3 3 0
code-intelligence.com/cifuzz/internal/api/api.go:251.2,253.16 3 0
code-intelligence.com/cifuzz/internal/api/api.go:253.16,255.3 1 0
code-intelligence.com/cifuzz/internal/api/api.go:257.2,257.29 1 0
code-intelligence.com/cifuzz/internal/api/api.go:261.124,267.2 2 1
code-intelligence.com/cifuzz/internal/api/api.go:270.158,272.16 2 1
code-intelligence.com/cifuzz/internal/api/api.go:272.16,274.3 1 0
code-intelligence.com/cifuzz/internal/api/api.go:275.2,276.16 2 1
code-intelligence.com/cifuzz/internal/api/api.go:276.16,278.3 1 0
code-intelligence.com/cifuzz/internal/api/api.go:280.2,285.16 5 1
code-intelligence.com/cifuzz/internal/api/api.go:285.16,287.3 1 0
code-intelligence.com/cifuzz/internal/api/api.go:289.2,289.18 1 1
code-intelligence.com/cifuzz/internal/api/api.go:293.67,296.16 2 1
code-intelligence.com/cifuzz/internal/api/api.go:296.16,298.30 2 0
code-intelligence.com/cifuzz/internal/api/api.go:298.30,299.32 1 0
code-intelligence.com/cifuzz/internal/api/api.go:299.32,302.5 2 0
code-intelligence.com/cifuzz/internal/api/api.go:304.3,304.20 1 0
code-intelligence.com/cifuzz/internal/api/api.go:306.2,306.18 1 1
code-intelligence.com/cifuzz/internal/api/api.go:309.34,311.16 2 1
code-intelligence.com/cifuzz/internal/api/api.go:311.16,313.3 1 0
code-intelligence.com/cifuzz/internal/api/api.go:314.2,314.47 1 1
code-intelligence.com/cifuzz/internal/api/api.go:314.47,316.3 1 0
code-intelligence.com/cifuzz/internal/api/api.go:317.2,317.12 1 1
code-intelligence.com/cifuzz/internal/api/api.go:320.67,323.16 2 1
code-intelligence.com/cifuzz/internal/api/api.go:323.16,326.17 2 0
code-intelligence.com/cifuzz/internal/api/api.go:326.17,328.4 1 0
code-intelligence.com/cifuzz/internal/api/api.go:329.3,329.31 1 0
code-intelligence.com/cifuzz/internal/api/api.go:333.2,334.16 2 1
code-intelligence.com/cifuzz/internal/api/api.go:334.16,336.3 1 0
code-intelligence.com/cifuzz/internal/api/api.go:337.2,339.17 2 1
code-intelligence.com/cifuzz/internal/api/api.go:342.43,346.86 2 1
code-intelligence.com/cifuzz/internal/api/api.go:346.86,348.3 1 1
code-intelligence.com/cifuzz/internal/api/api.go:349.2,349.50 1 1
code-intelligence.com/cifuzz/internal/api/campaign_run.go:41.208,47.16 4 0
code-intelligence.com/cifuzz/internal/api/campaign_run.go:47.16,49.3 1 0
code-intelligence.com/cifuzz/internal/api/campaign_run.go:51.2,52.16 2 0
code-intelligence.com/cifuzz/internal/api/campaign_run.go:52.16,54.3 1 0
code-intelligence.com/cifuzz/internal/api/campaign_run.go:55.2,56.16 2 0
code-intelligence.com/cifuzz/internal/api/campaign_run.go:56.16,58.3 1 0
code-intelligence.com/cifuzz/internal/api/campaign_run.go:63.2,65.47 2 0
code-intelligence.com/cifuzz/internal/api/campaign_run.go:65.47,92.3 4 0
code-intelligence.com/cifuzz/internal/api/campaign_run.go:94.2,101.21 3 0
code-intelligence.com/cifuzz/internal/api/campaign_run.go:102.81,103.82 1 0
code-intelligence.com/cifuzz/internal/api/campaign_run.go:104.57,105.88 1 0
code-intelligence.com/cifuzz/internal/api/campaign_run.go:106.10,107.76 1 0
code-intelligence.com/cifuzz/internal/api/campaign_run.go:110.2,123.16 3 0
code-intelligence.com/cifuzz/internal/api/campaign_run.go:123.16,125.3 1 0
code-intelligence.com/cifuzz/internal/api/campaign_run.go:126.2,141.16 4 0
code-intelligence.com/cifuzz/internal/api/campaign_run.go:141.16,143.3 1 0
code-intelligence.com/cifuzz/internal/api/campaign_run.go:145.2,148.16 3 0
code-intelligence.com/cifuzz/internal/api/campaign_run.go:148.16,150.3 1 0
code-intelligence.com/cifuzz/internal/api/campaign_run.go:151.2,152.16 2 0
code-intelligence.com/cifuzz/internal/api/campaign_run.go:152.16,154.3 1 0
code-intelligence.com/cifuzz/internal/api/campaign_run.go:155.2,157.28 2 0
code-intelligence.com/cifuzz/internal/api/campaign_run.go:157.28,159.3 1 0
code-intelligence.com/cifuzz/internal/api/campaign_run.go:161.2,161.47 1 0
code-intelligence.com/cifuzz/internal/api/error_details.go:20.88,23.16 2 1
code-intelligence.com/cifuzz/internal/api/error_details.go:23.16,25.3 1 0
code-intelligence.com/cifuzz/internal/api/error_details.go:27.2,28.16 2 1
code-intelligence.com/cifuzz/internal/api/error_details.go:28.16,30.3 1 0
code-intelligence.com/cifuzz/internal/api/error_details.go:31.2,33.28 2 1
code-intelligence.com/cifuzz/internal/api/error_details.go:33.28,36.29 1 0
code-intelligence.com/cifuzz/internal/api/error_details.go:36.29,38.4 1 0
code-intelligence.com/cifuzz/internal/api/error_details.go:38.9,41.4 2 0
code-intelligence.com/cifuzz/internal/api/error_details.go:42.3,43.18 2 0
code-intelligence.com/cifuzz/internal/api/error_details.go:46.2,47.16 2 1
code-intelligence.com/cifuzz/internal/api/error_details.go:47.16,49.3 1 0
code-intelligence.com/cifuzz/internal/api/error_details.go:51.2,53.16 3 1
code-intelligence.com/cifuzz/internal/api/error_details.go:53.16,55.3 1 0
code-intelligence.com/cifuzz/internal/api/error_details.go:57.2,57.47 1 1
code-intelligence.com/cifuzz/internal/api/finding.go:71.168,74.48 2 0
code-intelligence.com/cifuzz/internal/api/finding.go:74.48,83.3 1 0
code-intelligence.com/cifuzz/internal/api/finding.go:85.2,86.16 2 0
code-intelligence.com/cifuzz/internal/api/finding.go:86.16,88.32 2 0
code-intelligence.com/cifuzz/internal/api/finding.go:88.32,90.4 1 0
code-intelligence.com/cifuzz/internal/api/finding.go:90.9,94.4 3 0
code-intelligence.com/cifuzz/internal/api/finding.go:97.2,125.16 4 0
code-intelligence.com/cifuzz/internal/api/finding.go:125.16,127.3 1 0
code-intelligence.com/cifuzz/internal/api/finding.go:129.2,130.16 2 0
code-intelligence.com/cifuzz/internal/api/finding.go:130.16,132.3 1 0
code-intelligence.com/cifuzz/internal/api/finding.go:133.2,134.16 2 0
code-intelligence.com/cifuzz/internal/api/finding.go:134.16,136.3 1 0
code-intelligence.com/cifuzz/internal/api/finding.go:137.2,139.28 2 0
code-intelligence.com/cifuzz/internal/api/finding.go:139.28,141.3 1 0
code-intelligence.com/cifuzz/internal/api/finding.go:143.2,143.12 1 0
code-intelligence.com/cifuzz/internal/api/project.go:42.73,44.16 2 1
code-intelligence.com/cifuzz/internal/api/project.go:44.16,46.3 1 0
code-intelligence.com/cifuzz/internal/api/project.go:47.2,48.16 2 1
code-intelligence.com/cifuzz/internal/api/project.go:48.16,50.3 1 0
code-intelligence.com/cifuzz/internal/api/project.go:51.2,53.28 2 1
code-intelligence.com/cifuzz/internal/api/project.go:53.28,55.3 1 0
code-intelligence.com/cifuzz/internal/api/project.go:57.2,58.16 2 1
code-intelligence.com/cifuzz/internal/api/project.go:58.16,60.3 1 0
code-intelligence.com/cifuzz/internal/api/project.go:62.2,64.16 3 1
code-intelligence.com/cifuzz/internal/api/project.go:64.16,66.3 1 0
code-intelligence.com/cifuzz/internal/api/project.go:67.2,70.38 2 1
code-intelligence.com/cifuzz/internal/api/project.go:70.38,72.3 1 0
code-intelligence.com/cifuzz/internal/api/project.go:73.2,74.16 2 1
code-intelligence.com/cifuzz/internal/api/project.go:74.16,76.3 1 0
code-intelligence.com/cifuzz/internal/api/project.go:79.2,80.29 2 1
code-intelligence.com/cifuzz/internal/api/project.go:80.29,81.62 1 1
code-intelligence.com/cifuzz/internal/api/project.go:81.62,82.12 1 1
code-intelligence.com/cifuzz/internal/api/project.go:84.3,84.49 1 1
code-intelligence.com/cifuzz/internal/api/project.go:87.2,87.30 1 1
code-intelligence.com/cifuzz/internal/api/project.go:90.85,98.16 3 0
code-intelligence.com/cifuzz/internal/api/project.go:98.16,100.3 1 0
code-intelligence.com/cifuzz/internal/api/project.go:102.2,103.16 2 0
code-intelligence.com/cifuzz/internal/api/project.go:103.16,105.3 1 0
code-intelligence.com/cifuzz/internal/api/project.go:106.2,107.16 2 0
code-intelligence.com/cifuzz/internal/api/project.go:107.16,109.3 1 0
code-intelligence.com/cifuzz/internal/api/project.go:110.2,112.28 2 0
code-intelligence.com/cifuzz/internal/api/project.go:112.28,114.3 1 0
code-intelligence.com/cifuzz/internal/api/project.go:116.2,117.16 2 0
code-intelligence.com/cifuzz/internal/api/project.go:117.16,119.3 1 0
code-intelligence.com/cifuzz/internal/api/project.go:121.2,123.16 3 0
code-intelligence.com/cifuzz/internal/api/project.go:123.16,125.3 1 0
code-intelligence.com/cifuzz/internal/api/project.go:127.2,129.34 2 0
code-intelligence.com/cifuzz/internal/build/build.go:34.41,41.16 4 1
code-intelligence.com/cifuzz/internal/build/build.go:41.16,43.3 1 0
code-intelligence.com/cifuzz/internal/build/build.go:50.2,50.31 1 1
code-intelligence.com/cifuzz/internal/build/build.go:50.31,54.76 1 1
code-intelligence.com/cifuzz/internal/build/build.go:54.76,56.18 2 1
code-intelligence.com/cifuzz/internal/build/build.go:56.18,58.5 1 0
code-intelligence.com/cifuzz/internal/build/build.go:60.3,60.79 1 1
code-intelligence.com/cifuzz/internal/build/build.go:60.79,62.18 2 1
code-intelligence.com/cifuzz/internal/build/build.go:62.18,64.5 1 0
code-intelligence.com/cifuzz/internal/build/build.go:70.2,71.16 2 1
code-intelligence.com/cifuzz/internal/build/build.go:71.16,73.3 1 0
code-intelligence.com/cifuzz/internal/build/build.go:75.2,75.17 1 1
code-intelligence.com/cifuzz/internal/build/build.go:92.33,119.2 1 1
code-intelligence.com/cifuzz/internal/build/build.go:121.60,131.53 2 0
code-intelligence.com/cifuzz/internal/build/build.go:131.53,135.60 1 0
code-intelligence.com/cifuzz/internal/build/build.go:135.60,137.4 1 0
code-intelligence.com/cifuzz/internal/build/build.go:139.2,139.15 1 0
code-intelligence.com/cifuzz/internal/build/bazel/build.go:35.46,37.27 1 1
code-intelligence.com/cifuzz/internal/build/bazel/build.go:37.27,39.3 1 0
code-intelligence.com/cifuzz/internal/build/bazel/build.go:42.2,43.16 2 1
code-intelligence.com/cifuzz/internal/build/bazel/build.go:43.16,45.3 1 0
code-intelligence.com/cifuzz/internal/build/bazel/build.go:49.2,49.24 1 1
code-intelligence.com/cifuzz/internal/build/bazel/build.go:49.24,50.30 1 0
code-intelligence.com/cifuzz/internal/build/bazel/build.go:53.2,53.12 1 1
code-intelligence.com/cifuzz/internal/build/bazel/build.go:60.57,62.16 2 1
code-intelligence.com/cifuzz/internal/build/bazel/build.go:62.16,64.3 1 0
code-intelligence.com/cifuzz/internal/build/bazel/build.go:66.2,67.16 2 1
code-intelligence.com/cifuzz/internal/build/bazel/build.go:67.16,69.3 1 0
code-intelligence.com/cifuzz/internal/build/bazel/build.go:71.2,72.16 2 1
code-intelligence.com/cifuzz/internal/build/bazel/build.go:72.16,74.3 1 0
code-intelligence.com/cifuzz/internal/build/bazel/build.go:76.2,77.15 2 1
code-intelligence.com/cifuzz/internal/build/bazel/build.go:88.76,92.27 3 1
code-intelligence.com/cifuzz/internal/build/bazel/build.go:92.27,101.17 3 1
code-intelligence.com/cifuzz/internal/build/bazel/build.go:101.17,103.4 1 0
code-intelligence.com/cifuzz/internal/build/bazel/build.go:103.9,106.4 2 1
code-intelligence.com/cifuzz/internal/build/bazel/build.go:114.2,116.16 3 1
code-intelligence.com/cifuzz/internal/build/bazel/build.go:116.16,118.3 1 0
code-intelligence.com/cifuzz/internal/build/bazel/build.go:119.2,126.16 4 1
code-intelligence.com/cifuzz/internal/build/bazel/build.go:126.16,128.3 1 0
code-intelligence.com/cifuzz/internal/build/bazel/build.go:129.2,135.20 2 1
code-intelligence.com/cifuzz/internal/build/bazel/build.go:135.20,137.3 1 0
code-intelligence.com/cifuzz/internal/build/bazel/build.go:141.2,168.42 2 1
code-intelligence.com/cifuzz/internal/build/bazel/build.go:168.42,170.3 1 0
code-intelligence.com/cifuzz/internal/build/bazel/build.go:172.2,181.16 9 1
code-intelligence.com/cifuzz/internal/build/bazel/build.go:181.16,183.3 1 0
code-intelligence.com/cifuzz/internal/build/bazel/build.go:184.2,186.16 3 1
code-intelligence.com/cifuzz/internal/build/bazel/build.go:186.16,188.3 1 1
code-intelligence.com/cifuzz/internal/build/bazel/build.go:191.2,193.37 2 1
code-intelligence.com/cifuzz/internal/build/bazel/build.go:193.37,196.17 2 1
code-intelligence.com/cifuzz/internal/build/bazel/build.go:196.17,198.4 1 0
code-intelligence.com/cifuzz/internal/build/bazel/build.go:199.3,211.36 5 1
code-intelligence.com/cifuzz/internal/build/bazel/build.go:214.2,214.21 1 1
code-intelligence.com/cifuzz/internal/build/bazel/build.go:217.100,221.16 3 0
code-intelligence.com/cifuzz/internal/build/bazel/build.go:221.16,223.3 1 0
code-intelligence.com/cifuzz/internal/build/bazel/build.go:225.2,226.16 2 0
code-intelligence.com/cifuzz/internal/build/bazel/build.go:226.16,228.3 1 0
code-intelligence.com/cifuzz/internal/build/bazel/build.go:233.2,245.20 2 0
code-intelligence.com/cifuzz/internal/build/bazel/build.go:245.20,247.3 1 0
code-intelligence.com/cifuzz/internal/build/bazel/build.go:250.2,259.42 2 0
code-intelligence.com/cifuzz/internal/build/bazel/build.go:259.42,261.3 1 0
code-intelligence.com/cifuzz/internal/build/bazel/build.go:264.2,264.57 1 0
code-intelligence.com/cifuzz/internal/build/bazel/build.go:264.57,266.17 2 0
code-intelligence.com/cifuzz/internal/build/bazel/build.go:266.17,268.4 1 0
code-intelligence.com/cifuzz/internal/build/bazel/build.go:269.3,270.17 2 0
code-intelligence.com/cifuzz/internal/build/bazel/build.go:270.17,272.4 1 0
code-intelligence.com/cifuzz/internal/build/bazel/build.go:273.3,283.4 2 0
code-intelligence.com/cifuzz/internal/build/bazel/build.go:284.8,287.40 2 0
code-intelligence.com/cifuzz/internal/build/bazel/build.go:287.40,288.21 1 0
code-intelligence.com/cifuzz/internal/build/bazel/build.go:289.32,289.32 0 0
code-intelligence.com/cifuzz/internal/build/bazel/build.go:295.12,296.59 1 0
code-intelligence.com/cifuzz/internal/build/bazel/build.go:301.2,309.42 6 0
code-intelligence.com/cifuzz/internal/build/bazel/build.go:309.42,311.3 1 0
code-intelligence.com/cifuzz/internal/build/bazel/build.go:312.2,319.16 7 0
code-intelligence.com/cifuzz/internal/build/bazel/build.go:319.16,321.3 1 0
code-intelligence.com/cifuzz/internal/build/bazel/build.go:324.2,326.37 2 0
code-intelligence.com/cifuzz/internal/build/bazel/build.go:326.37,334.17 7 0
code-intelligence.com/cifuzz/internal/build/bazel/build.go:334.17,336.4 1 0
code-intelligence.com/cifuzz/internal/build/bazel/build.go:337.3,341.17 3 0
code-intelligence.com/cifuzz/internal/build/bazel/build.go:341.17,343.4 1 0
code-intelligence.com/cifuzz/internal/build/bazel/build.go:344.3,345.17 2 0
code-intelligence.com/cifuzz/internal/build/bazel/build.go:345.17,347.4 1 0
code-intelligence.com/cifuzz/internal/build/bazel/build.go:349.3,350.17 2 0
code-intelligence.com/cifuzz/internal/build/bazel/build.go:350.17,352.4 1 0
code-intelligence.com/cifuzz/internal/build/bazel/build.go:353.3,359.17 5 0
code-intelligence.com/cifuzz/internal/build/bazel/build.go:359.17,361.4 1 0
code-intelligence.com/cifuzz/internal/build/bazel/build.go:369.3,372.17 4 0
code-intelligence.com/cifuzz/internal/build/bazel/build.go:372.17,374.4 1 0
code-intelligence.com/cifuzz/internal/build/bazel/build.go:375.3,375.13 1 0
code-intelligence.com/cifuzz/internal/build/bazel/build.go:375.13,376.90 1 0
code-intelligence.com/cifuzz/internal/build/bazel/build.go:376.90,377.19 1 0
code-intelligence.com/cifuzz/internal/build/bazel/build.go:377.19,379.6 1 0
code-intelligence.com/cifuzz/internal/build/bazel/build.go:380.5,380.18 1 0
code-intelligence.com/cifuzz/internal/build/bazel/build.go:380.18,382.6 1 0
code-intelligence.com/cifuzz/internal/build/bazel/build.go:383.5,384.15 2 0
code-intelligence.com/cifuzz/internal/build/bazel/build.go:386.4,386.18 1 0
code-intelligence.com/cifuzz/internal/build/bazel/build.go:386.18,388.5 1 0
code-intelligence.com/cifuzz/internal/build/bazel/build.go:391.3,401.36 2 0
code-intelligence.com/cifuzz/internal/build/bazel/build.go:404.2,404.21 1 0
code-intelligence.com/cifuzz/internal/build/bazel/build.go:407.67,413.16 4 0
code-intelligence.com/cifuzz/internal/build/bazel/build.go:413.16,415.3 1 0
code-intelligence.com/cifuzz/internal/build/bazel/build.go:416.2,417.16 2 0
code-intelligence.com/cifuzz/internal/build/bazel/build.go:417.16,419.3 1 0
code-intelligence.com/cifuzz/internal/build/bazel/build.go:423.2,424.16 2 0
code-intelligence.com/cifuzz/internal/build/bazel/build.go:424.16,426.3 1 0
code-intelligence.com/cifuzz/internal/build/bazel/build.go:428.2,428.17 1 0
code-intelligence.com/cifuzz/internal/build/bazel/build.go:436.66,443.16 6 1
code-intelligence.com/cifuzz/internal/build/bazel/build.go:443.16,445.3 1 0
code-intelligence.com/cifuzz/internal/build/bazel/build.go:446.2,457.17 5 1
code-intelligence.com/cifuzz/internal/build/bazel/build.go:475.41,478.16 3 1
code-intelligence.com/cifuzz/internal/build/bazel/build.go:478.16,481.79 1 0
code-intelligence.com/cifuzz/internal/build/bazel/build.go:481.79,484.4 1 0
code-intelligence.com/cifuzz/internal/build/bazel/build.go:485.3,485.60 1 0
code-intelligence.com/cifuzz/internal/build/bazel/build.go:487.2,488.20 2 1
code-intelligence.com/cifuzz/internal/build/bazel/build.go:488.20,494.3 1 0
code-intelligence.com/cifuzz/internal/build/bazel/build.go:496.2,497.56 2 1
code-intelligence.com/cifuzz/internal/build/bazel/build.go:497.56,504.3 1 0
code-intelligence.com/cifuzz/internal/build/bazel/build.go:506.2,506.12 1 1
code-intelligence.com/cifuzz/internal/build/bazel/build.go:509.39,512.16 3 1
code-intelligence.com/cifuzz/internal/build/bazel/build.go:512.16,515.79 1 0
code-intelligence.com/cifuzz/internal/build/bazel/build.go:515.79,520.4 1 0
code-intelligence.com/cifuzz/internal/build/bazel/build.go:521.3,521.60 1 0
code-intelligence.com/cifuzz/internal/build/bazel/build.go:524.2,525.80 2 1
code-intelligence.com/cifuzz/internal/build/bazel/build.go:525.80,532.3 1 0
code-intelligence.com/cifuzz/internal/build/bazel/build.go:534.2,534.12 1 1
code-intelligence.com/cifuzz/internal/build/cmake/cmake.go:58.46,60.27 1 1
code-intelligence.com/cifuzz/internal/build/cmake/cmake.go:60.27,62.3 1 0
code-intelligence.com/cifuzz/internal/build/cmake/cmake.go:64.2,65.16 2 1
code-intelligence.com/cifuzz/internal/build/cmake/cmake.go:65.16,67.3 1 0
code-intelligence.com/cifuzz/internal/build/cmake/cmake.go:68.2,68.12 1 1
code-intelligence.com/cifuzz/internal/build/cmake/cmake.go:76.57,78.16 2 1
code-intelligence.com/cifuzz/internal/build/cmake/cmake.go:78.16,80.3 1 0
code-intelligence.com/cifuzz/internal/build/cmake/cmake.go:82.2,86.16 3 1
code-intelligence.com/cifuzz/internal/build/cmake/cmake.go:86.16,88.3 1 0
code-intelligence.com/cifuzz/internal/build/cmake/cmake.go:89.2,90.16 2 1
code-intelligence.com/cifuzz/internal/build/cmake/cmake.go:90.16,92.3 1 0
code-intelligence.com/cifuzz/internal/build/cmake/cmake.go:94.2,95.16 2 1
code-intelligence.com/cifuzz/internal/build/cmake/cmake.go:95.16,97.3 1 0
code-intelligence.com/cifuzz/internal/build/cmake/cmake.go:99.2,99.15 1 1
code-intelligence.com/cifuzz/internal/build/cmake/cmake.go:102.42,104.2 1 0
code-intelligence.com/cifuzz/internal/build/cmake/cmake.go:106.46,113.29 2 1
code-intelligence.com/cifuzz/internal/build/cmake/cmake.go:113.29,115.3 1 0
code-intelligence.com/cifuzz/internal/build/cmake/cmake.go:117.2,119.21 2 1
code-intelligence.com/cifuzz/internal/build/cmake/cmake.go:119.21,123.30 2 1
code-intelligence.com/cifuzz/internal/build/cmake/cmake.go:123.30,127.18 2 1
code-intelligence.com/cifuzz/internal/build/cmake/cmake.go:127.18,129.5 1 0
code-intelligence.com/cifuzz/internal/build/cmake/cmake.go:130.4,131.18 2 1
code-intelligence.com/cifuzz/internal/build/cmake/cmake.go:131.18,133.5 1 0
code-intelligence.com/cifuzz/internal/build/cmake/cmake.go:137.3,138.65 2 1
code-intelligence.com/cifuzz/internal/build/cmake/cmake.go:141.2,143.22 2 1
code-intelligence.com/cifuzz/internal/build/cmake/cmake.go:155.37,157.16 2 1
code-intelligence.com/cifuzz/internal/build/cmake/cmake.go:157.16,159.3 1 0
code-intelligence.com/cifuzz/internal/build/cmake/cmake.go:161.2,166.31 2 1
code-intelligence.com/cifuzz/internal/build/cmake/cmake.go:166.31,181.3 2 1
code-intelligence.com/cifuzz/internal/build/cmake/cmake.go:181.8,184.3 1 0
code-intelligence.com/cifuzz/internal/build/cmake/cmake.go:186.2,198.16 12 1
code-intelligence.com/cifuzz/internal/build/cmake/cmake.go:198.16,200.3 1 1
code-intelligence.com/cifuzz/internal/build/cmake/cmake.go:201.2,201.12 1 1
code-intelligence.com/cifuzz/internal/build/cmake/cmake.go:206.70,208.16 2 1
code-intelligence.com/cifuzz/internal/build/cmake/cmake.go:208.16,210.3 1 0
code-intelligence.com/cifuzz/internal/build/cmake/cmake.go:212.2,217.24 2 1
code-intelligence.com/cifuzz/internal/build/cmake/cmake.go:217.24,219.30 2 0
code-intelligence.com/cifuzz/internal/build/cmake/cmake.go:219.30,221.4 1 0
code-intelligence.com/cifuzz/internal/build/cmake/cmake.go:224.2,230.16 7 1
code-intelligence.com/cifuzz/internal/build/cmake/cmake.go:230.16,232.3 1 0
code-intelligence.com/cifuzz/internal/build/cmake/cmake.go:234.2,234.17 1 1
code-intelligence.com/cifuzz/internal/build/cmake/cmake.go:234.17,236.3 1 1
code-intelligence.com/cifuzz/internal/build/cmake/cmake.go:238.2,239.37 2 1
code-intelligence.com/cifuzz/internal/build/cmake/cmake.go:239.37,241.17 2 1
code-intelligence.com/cifuzz/internal/build/cmake/cmake.go:241.17,243.4 1 0
code-intelligence.com/cifuzz/internal/build/cmake/cmake.go:244.3,245.17 2 1
code-intelligence.com/cifuzz/internal/build/cmake/cmake.go:245.17,247.4 1 0
code-intelligence.com/cifuzz/internal/build/cmake/cmake.go:249.3,250.24 2 1
code-intelligence.com/cifuzz/internal/build/cmake/cmake.go:250.24,253.31 1 0
code-intelligence.com/cifuzz/internal/build/cmake/cmake.go:253.31,255.5 1 0
code-intelligence.com/cifuzz/internal/build/cmake/cmake.go:255.10,257.5 1 0
code-intelligence.com/cifuzz/internal/build/cmake/cmake.go:258.4,258.18 1 0
code-intelligence.com/cifuzz/internal/build/cmake/cmake.go:258.18,260.5 1 0
code-intelligence.com/cifuzz/internal/build/cmake/cmake.go:263.3,274.36 3 1
code-intelligence.com/cifuzz/internal/build/cmake/cmake.go:277.2,277.21 1 1
code-intelligence.com/cifuzz/internal/build/cmake/cmake.go:283.75,285.2 1 1
code-intelligence.com/cifuzz/internal/build/cmake/cmake.go:290.75,292.2 1 1
code-intelligence.com/cifuzz/internal/build/cmake/cmake.go:296.53,298.16 2 0
code-intelligence.com/cifuzz/internal/build/cmake/cmake.go:298.16,300.3 1 0
code-intelligence.com/cifuzz/internal/build/cmake/cmake.go:301.2,302.16 2 0
code-intelligence.com/cifuzz/internal/build/cmake/cmake.go:302.16,304.3 1 0
code-intelligence.com/cifuzz/internal/build/cmake/cmake.go:306.2,307.40 2 0
code-intelligence.com/cifuzz/internal/build/cmake/cmake.go:307.40,309.3 1 0
code-intelligence.com/cifuzz/internal/build/cmake/cmake.go:310.2,311.23 2 0
code-intelligence.com/cifuzz/internal/build/cmake/cmake.go:317.69,319.16 2 0
code-intelligence.com/cifuzz/internal/build/cmake/cmake.go:319.16,321.3 1 0
code-intelligence.com/cifuzz/internal/build/cmake/cmake.go:323.2,332.16 4 0
code-intelligence.com/cifuzz/internal/build/cmake/cmake.go:332.16,334.3 1 0
code-intelligence.com/cifuzz/internal/build/cmake/cmake.go:336.2,340.21 5 0
code-intelligence.com/cifuzz/internal/build/cmake/cmake.go:340.21,350.45 2 0
code-intelligence.com/cifuzz/internal/build/cmake/cmake.go:350.45,351.12 1 0
code-intelligence.com/cifuzz/internal/build/cmake/cmake.go:353.3,355.24 3 0
code-intelligence.com/cifuzz/internal/build/cmake/cmake.go:355.24,357.4 1 0
code-intelligence.com/cifuzz/internal/build/cmake/cmake.go:358.3,362.27 3 0
code-intelligence.com/cifuzz/internal/build/cmake/cmake.go:362.27,363.12 1 0
code-intelligence.com/cifuzz/internal/build/cmake/cmake.go:366.3,366.17 1 0
code-intelligence.com/cifuzz/internal/build/cmake/cmake.go:367.21,368.48 1 0
code-intelligence.com/cifuzz/internal/build/cmake/cmake.go:369.22,370.50 1 0
code-intelligence.com/cifuzz/internal/build/cmake/cmake.go:371.19,372.44 1 0
code-intelligence.com/cifuzz/internal/build/cmake/cmake.go:373.11,374.90 1 0
code-intelligence.com/cifuzz/internal/build/cmake/cmake.go:378.2,378.57 1 0
code-intelligence.com/cifuzz/internal/build/cmake/cmake.go:378.57,380.30 2 0
code-intelligence.com/cifuzz/internal/build/cmake/cmake.go:380.30,383.49 2 0
code-intelligence.com/cifuzz/internal/build/cmake/cmake.go:383.49,385.5 1 0
code-intelligence.com/cifuzz/internal/build/cmake/cmake.go:387.3,387.31 1 0
code-intelligence.com/cifuzz/internal/build/cmake/cmake.go:387.31,390.51 2 0
code-intelligence.com/cifuzz/internal/build/cmake/cmake.go:390.51,392.5 1 0
code-intelligence.com/cifuzz/internal/build/cmake/cmake.go:394.3,395.29 2 0
code-intelligence.com/cifuzz/internal/build/cmake/cmake.go:398.2,398.26 1 0
code-intelligence.com/cifuzz/internal/build/cmake/cmake.go:403.84,406.16 2 1
code-intelligence.com/cifuzz/internal/build/cmake/cmake.go:406.16,408.3 1 0
code-intelligence.com/cifuzz/internal/build/cmake/cmake.go:409.2,411.16 3 1
code-intelligence.com/cifuzz/internal/build/cmake/cmake.go:411.16,413.3 1 0
code-intelligence.com/cifuzz/internal/build/cmake/cmake.go:414.2,414.29 1 1
code-intelligence.com/cifuzz/internal/build/cmake/cmake.go:417.54,419.16 2 1
code-intelligence.com/cifuzz/internal/build/cmake/cmake.go:419.16,421.3 1 0
code-intelligence.com/cifuzz/internal/build/cmake/cmake.go:423.2,425.34 3 1
code-intelligence.com/cifuzz/internal/build/cmake/cmake.go:425.34,427.3 1 0
code-intelligence.com/cifuzz/internal/build/cmake/cmake.go:429.2,431.34 3 1
code-intelligence.com/cifuzz/internal/build/cmake/cmake.go:431.34,433.3 1 1
code-intelligence.com/cifuzz/internal/build/cmake/cmake.go:434.2,435.45 2 0
code-intelligence.com/cifuzz/internal/build/cmake/cmake.go:438.39,439.80 1 0
code-intelligence.com/cifuzz/internal/build/cmake/cmake.go:439.80,440.46 1 0
code-intelligence.com/cifuzz/internal/build/cmake/cmake.go:440.46,442.4 1 0
code-intelligence.com/cifuzz/internal/build/cmake/cmake.go:445.2,445.14 1 0
code-intelligence.com/cifuzz/internal/build/gradle/gradle.go:27.59,29.31 2 1
code-intelligence.com/cifuzz/internal/build/gradle/gradle.go:29.31,31.3 1 0
code-intelligence.com/cifuzz/internal/build/gradle/gradle.go:33.2,33.58 1 1
code-intelligence.com/cifuzz/internal/build/gradle/gradle.go:48.46,50.27 1 1
code-intelligence.com/cifuzz/internal/build/gradle/gradle.go:50.27,52.3 1 0
code-intelligence.com/cifuzz/internal/build/gradle/gradle.go:54.2,55.16 2 1
code-intelligence.com/cifuzz/internal/build/gradle/gradle.go:55.16,57.3 1 0
code-intelligence.com/cifuzz/internal/build/gradle/gradle.go:58.2,58.12 1 1
code-intelligence.com/cifuzz/internal/build/gradle/gradle.go:65.57,67.16 2 1
code-intelligence.com/cifuzz/internal/build/gradle/gradle.go:67.16,69.3 1 0
code-intelligence.com/cifuzz/internal/build/gradle/gradle.go:71.2,73.15 2 1
code-intelligence.com/cifuzz/internal/build/gradle/gradle.go:76.89,78.16 2 1
code-intelligence.com/cifuzz/internal/build/gradle/gradle.go:78.16,80.3 1 0
code-intelligence.com/cifuzz/internal/build/gradle/gradle.go:82.2,83.16 2 1
code-intelligence.com/cifuzz/internal/build/gradle/gradle.go:83.16,87.3 3 0
code-intelligence.com/cifuzz/internal/build/gradle/gradle.go:88.2,91.16 3 1
code-intelligence.com/cifuzz/internal/build/gradle/gradle.go:91.16,93.3 1 0
code-intelligence.com/cifuzz/internal/build/gradle/gradle.go:95.2,96.16 2 1
code-intelligence.com/cifuzz/internal/build/gradle/gradle.go:96.16,98.3 1 0
code-intelligence.com/cifuzz/internal/build/gradle/gradle.go:99.2,107.20 2 1
code-intelligence.com/cifuzz/internal/build/gradle/gradle.go:110.57,112.16 2 1
code-intelligence.com/cifuzz/internal/build/gradle/gradle.go:112.16,114.3 1 0
code-intelligence.com/cifuzz/internal/build/gradle/gradle.go:115.2,117.16 3 1
code-intelligence.com/cifuzz/internal/build/gradle/gradle.go:117.16,119.3 1 0
code-intelligence.com/cifuzz/internal/build/gradle/gradle.go:121.2,121.74 1 1
code-intelligence.com/cifuzz/internal/build/gradle/gradle.go:124.55,126.16 2 1
code-intelligence.com/cifuzz/internal/build/gradle/gradle.go:126.16,128.3 1 0
code-intelligence.com/cifuzz/internal/build/gradle/gradle.go:129.2,131.16 3 1
code-intelligence.com/cifuzz/internal/build/gradle/gradle.go:131.16,133.3 1 0
code-intelligence.com/cifuzz/internal/build/gradle/gradle.go:134.2,137.18 3 1
code-intelligence.com/cifuzz/internal/build/gradle/gradle.go:143.58,145.51 2 1
code-intelligence.com/cifuzz/internal/build/gradle/gradle.go:145.51,147.3 1 0
code-intelligence.com/cifuzz/internal/build/gradle/gradle.go:148.2,148.19 1 1
code-intelligence.com/cifuzz/internal/build/gradle/gradle.go:148.19,150.3 1 1
code-intelligence.com/cifuzz/internal/build/gradle/gradle.go:152.2,153.16 2 0
code-intelligence.com/cifuzz/internal/build/gradle/gradle.go:153.16,155.3 1 0
code-intelligence.com/cifuzz/internal/build/gradle/gradle.go:156.2,156.23 1 0
code-intelligence.com/cifuzz/internal/build/gradle/gradle.go:159.78,161.16 2 1
code-intelligence.com/cifuzz/internal/build/gradle/gradle.go:161.16,163.3 1 0
code-intelligence.com/cifuzz/internal/build/gradle/gradle.go:165.2,168.17 3 1
code-intelligence.com/cifuzz/internal/build/gradle/gradle.go:171.59,173.16 2 1
code-intelligence.com/cifuzz/internal/build/gradle/gradle.go:173.16,175.3 1 0
code-intelligence.com/cifuzz/internal/build/gradle/gradle.go:177.2,179.16 3 1
code-intelligence.com/cifuzz/internal/build/gradle/gradle.go:179.16,181.3 1 0
code-intelligence.com/cifuzz/internal/build/gradle/gradle.go:182.2,183.19 2 1
code-intelligence.com/cifuzz/internal/build/gradle/gradle.go:183.19,185.3 1 0
code-intelligence.com/cifuzz/internal/build/gradle/gradle.go:186.2,188.22 2 1
code-intelligence.com/cifuzz/internal/build/gradle/gradle.go:191.61,193.16 2 0
code-intelligence.com/cifuzz/internal/build/gradle/gradle.go:193.16,195.3 1 0
code-intelligence.com/cifuzz/internal/build/gradle/gradle.go:197.2,199.16 3 0
code-intelligence.com/cifuzz/internal/build/gradle/gradle.go:199.16,201.3 1 0
code-intelligence.com/cifuzz/internal/build/gradle/gradle.go:202.2,209.19 3 0
code-intelligence.com/cifuzz/internal/build/maven/maven.go:32.46,34.27 1 1
code-intelligence.com/cifuzz/internal/build/maven/maven.go:34.27,36.3 1 0
code-intelligence.com/cifuzz/internal/build/maven/maven.go:38.2,39.16 2 1
code-intelligence.com/cifuzz/internal/build/maven/maven.go:39.16,41.3 1 0
code-intelligence.com/cifuzz/internal/build/maven/maven.go:42.2,42.12 1 1
code-intelligence.com/cifuzz/internal/build/maven/maven.go:49.57,51.16 2 1
code-intelligence.com/cifuzz/internal/build/maven/maven.go:51.16,53.3 1 0
code-intelligence.com/cifuzz/internal/build/maven/maven.go:55.2,57.15 2 1
code-intelligence.com/cifuzz/internal/build/maven/maven.go:60.89,62.24 2 1
code-intelligence.com/cifuzz/internal/build/maven/maven.go:62.24,64.30 2 0
code-intelligence.com/cifuzz/internal/build/maven/maven.go:64.30,66.4 1 0
code-intelligence.com/cifuzz/internal/build/maven/maven.go:66.9,69.4 1 0
code-intelligence.com/cifuzz/internal/build/maven/maven.go:71.2,74.16 3 1
code-intelligence.com/cifuzz/internal/build/maven/maven.go:74.16,76.3 1 0
code-intelligence.com/cifuzz/internal/build/maven/maven.go:78.2,79.16 2 1
code-intelligence.com/cifuzz/internal/build/maven/maven.go:79.16,81.3 1 0
code-intelligence.com/cifuzz/internal/build/maven/maven.go:83.2,84.16 2 1
code-intelligence.com/cifuzz/internal/build/maven/maven.go:84.16,86.3 1 0
code-intelligence.com/cifuzz/internal/build/maven/maven.go:88.2,91.16 3 1
code-intelligence.com/cifuzz/internal/build/maven/maven.go:91.16,93.3 1 0
code-intelligence.com/cifuzz/internal/build/maven/maven.go:94.2,102.20 2 1
code-intelligence.com/cifuzz/internal/build/maven/maven.go:105.63,107.16 2 1
code-intelligence.com/cifuzz/internal/build/maven/maven.go:107.16,109.3 1 0
code-intelligence.com/cifuzz/internal/build/maven/maven.go:110.2,121.16 6 1
code-intelligence.com/cifuzz/internal/build/maven/maven.go:121.16,123.3 1 0
code-intelligence.com/cifuzz/internal/build/maven/maven.go:125.2,126.16 2 1
code-intelligence.com/cifuzz/internal/build/maven/maven.go:126.16,128.3 1 0
code-intelligence.com/cifuzz/internal/build/maven/maven.go:130.2,131.18 2 1
code-intelligence.com/cifuzz/internal/build/maven/maven.go:134.60,143.16 4 1
code-intelligence.com/cifuzz/internal/build/maven/maven.go:143.16,145.3 1 0
code-intelligence.com/cifuzz/internal/build/maven/maven.go:147.2,148.16 2 1
code-intelligence.com/cifuzz/internal/build/maven/maven.go:148.16,150.3 1 0
code-intelligence.com/cifuzz/internal/build/maven/maven.go:153.2,158.23 2 1
code-intelligence.com/cifuzz/internal/build/maven/maven.go:161.75,178.16 10 1
code-intelligence.com/cifuzz/internal/build/maven/maven.go:178.16,180.3 1 0
code-intelligence.com/cifuzz/internal/build/maven/maven.go:182.2,182.12 1 1
code-intelligence.com/cifuzz/internal/build/maven/maven.go:185.59,196.16 6 1
code-intelligence.com/cifuzz/internal/build/maven/maven.go:196.16,198.3 1 0
code-intelligence.com/cifuzz/internal/build/maven/maven.go:200.2,200.28 1 1
code-intelligence.com/cifuzz/internal/build/maven/xml.go:51.47,53.16 2 1
code-intelligence.com/cifuzz/internal/build/maven/xml.go:53.16,55.3 1 0
code-intelligence.com/cifuzz/internal/build/maven/xml.go:57.2,59.16 3 1
code-intelligence.com/cifuzz/internal/build/maven/xml.go:59.16,61.3 1 0
code-intelligence.com/cifuzz/internal/build/maven/xml.go:63.2,63.22 1 1
code-intelligence.com/cifuzz/internal/build/other/other.go:63.46,65.27 1 1
code-intelligence.com/cifuzz/internal/build/other/other.go:65.27,67.3 1 0
code-intelligence.com/cifuzz/internal/build/other/other.go:69.2,70.16 2 1
code-intelligence.com/cifuzz/internal/build/other/other.go:70.16,72.3 1 0
code-intelligence.com/cifuzz/internal/build/other/other.go:74.2,74.32 1 1
code-intelligence.com/cifuzz/internal/build/other/other.go:74.32,76.3 1 1
code-intelligence.com/cifuzz/internal/build/other/other.go:78.2,78.12 1 1
code-intelligence.com/cifuzz/internal/build/other/other.go:87.57,89.16 2 1
code-intelligence.com/cifuzz/internal/build/other/other.go:89.16,91.3 1 0
code-intelligence.com/cifuzz/internal/build/other/other.go:93.2,97.16 3 1
code-intelligence.com/cifuzz/internal/build/other/other.go:97.16,99.3 1 0
code-intelligence.com/cifuzz/internal/build/other/other.go:101.2,102.16 2 1
code-intelligence.com/cifuzz/internal/build/other/other.go:102.16,104.3 1 0
code-intelligence.com/cifuzz/internal/build/other/other.go:108.2,108.67 1 1
code-intelligence.com/cifuzz/internal/build/other/other.go:108.67,110.3 1 1
code-intelligence.com/cifuzz/internal/build/other/other.go:110.8,111.45 1 1
code-intelligence.com/cifuzz/internal/build/other/other.go:111.45,112.58 1 1
code-intelligence.com/cifuzz/internal/build/other/other.go:112.58,113.59 1 0
code-intelligence.com/cifuzz/internal/build/other/other.go:116.3,116.28 1 1
code-intelligence.com/cifuzz/internal/build/other/other.go:118.2,118.16 1 1
code-intelligence.com/cifuzz/internal/build/other/other.go:118.16,120.3 1 0
code-intelligence.com/cifuzz/internal/build/other/other.go:122.2,122.15 1 1
code-intelligence.com/cifuzz/internal/build/other/other.go:126.65,129.55 2 1
code-intelligence.com/cifuzz/internal/build/other/other.go:129.55,133.17 2 1
code-intelligence.com/cifuzz/internal/build/other/other.go:133.17,135.4 1 0
code-intelligence.com/cifuzz/internal/build/other/other.go:136.3,137.17 2 1
code-intelligence.com/cifuzz/internal/build/other/other.go:137.17,139.4 1 0
code-intelligence.com/cifuzz/internal/build/other/other.go:141.3,146.17 6 1
code-intelligence.com/cifuzz/internal/build/other/other.go:146.17,148.4 1 0
code-intelligence.com/cifuzz/internal/build/other/other.go:151.2,152.16 2 1
code-intelligence.com/cifuzz/internal/build/other/other.go:152.16,154.3 1 0
code-intelligence.com/cifuzz/internal/build/other/other.go:157.2,163.16 7 1
code-intelligence.com/cifuzz/internal/build/other/other.go:163.16,165.3 1 0
code-intelligence.com/cifuzz/internal/build/other/other.go:167.2,168.16 2 1
code-intelligence.com/cifuzz/internal/build/other/other.go:168.16,170.3 1 0
code-intelligence.com/cifuzz/internal/build/other/other.go:172.2,172.22 1 1
code-intelligence.com/cifuzz/internal/build/other/other.go:172.22,174.3 1 0
code-intelligence.com/cifuzz/internal/build/other/other.go:178.2,180.16 3 1
code-intelligence.com/cifuzz/internal/build/other/other.go:180.16,182.3 1 0
code-intelligence.com/cifuzz/internal/build/other/other.go:184.2,185.16 2 1
code-intelligence.com/cifuzz/internal/build/other/other.go:185.16,187.3 1 0
code-intelligence.com/cifuzz/internal/build/other/other.go:189.2,199.8 2 1
code-intelligence.com/cifuzz/internal/build/other/other.go:203.33,204.26 1 1
code-intelligence.com/cifuzz/internal/build/other/other.go:204.26,206.3 1 0
code-intelligence.com/cifuzz/internal/build/other/other.go:208.2,209.16 2 1
code-intelligence.com/cifuzz/internal/build/other/other.go:209.16,211.3 1 0
code-intelligence.com/cifuzz/internal/build/other/other.go:214.2,219.34 6 1
code-intelligence.com/cifuzz/internal/build/other/other.go:219.34,221.3 1 0
code-intelligence.com/cifuzz/internal/build/other/other.go:223.2,223.12 1 1
code-intelligence.com/cifuzz/internal/build/other/other.go:226.61,230.16 3 1
code-intelligence.com/cifuzz/internal/build/other/other.go:230.16,232.3 1 0
code-intelligence.com/cifuzz/internal/build/other/other.go:234.2,235.16 2 1
code-intelligence.com/cifuzz/internal/build/other/other.go:235.16,237.3 1 0
code-intelligence.com/cifuzz/internal/build/other/other.go:239.2,240.16 2 1
code-intelligence.com/cifuzz/internal/build/other/other.go:240.16,242.3 1 0
code-intelligence.com/cifuzz/internal/build/other/other.go:244.2,244.12 1 1
code-intelligence.com/cifuzz/internal/build/other/other.go:247.46,251.16 3 1
code-intelligence.com/cifuzz/internal/build/other/other.go:251.16,253.3 1 0
code-intelligence.com/cifuzz/internal/build/other/other.go:255.2,255.12 1 1
code-intelligence.com/cifuzz/internal/build/other/other.go:258.43,262.16 3 1
code-intelligence.com/cifuzz/internal/build/other/other.go:262.16,264.3 1 0
code-intelligence.com/cifuzz/internal/build/other/other.go:267.2,269.16 3 1
code-intelligence.com/cifuzz/internal/build/other/other.go:269.16,271.3 1 0
code-intelligence.com/cifuzz/internal/build/other/other.go:272.2,273.16 2 1
code-intelligence.com/cifuzz/internal/build/other/other.go:273.16,275.3 1 0
code-intelligence.com/cifuzz/internal/build/other/other.go:277.2,283.16 3 1
code-intelligence.com/cifuzz/internal/build/other/other.go:283.16,285.3 1 0
code-intelligence.com/cifuzz/internal/build/other/other.go:289.2,290.16 2 1
code-intelligence.com/cifuzz/internal/build/other/other.go:290.16,292.3 1 0
code-intelligence.com/cifuzz/internal/build/other/other.go:293.2,295.16 3 1
code-intelligence.com/cifuzz/internal/build/other/other.go:295.16,297.3 1 0
code-intelligence.com/cifuzz/internal/build/other/other.go:298.2,299.16 2 1
code-intelligence.com/cifuzz/internal/build/other/other.go:299.16,301.3 1 0
code-intelligence.com/cifuzz/internal/build/other/other.go:309.2,310.30 2 1
code-intelligence.com/cifuzz/internal/build/other/other.go:310.30,312.3 1 1
code-intelligence.com/cifuzz/internal/build/other/other.go:313.2,315.16 3 1
code-intelligence.com/cifuzz/internal/build/other/other.go:315.16,317.3 1 0
code-intelligence.com/cifuzz/internal/build/other/other.go:319.2,319.12 1 1
code-intelligence.com/cifuzz/internal/build/other/other.go:322.42,326.16 3 1
code-intelligence.com/cifuzz/internal/build/other/other.go:326.16,328.3 1 0
code-intelligence.com/cifuzz/internal/build/other/other.go:334.2,335.16 2 1
code-intelligence.com/cifuzz/internal/build/other/other.go:335.16,337.3 1 0
code-intelligence.com/cifuzz/internal/build/other/other.go:338.2,341.16 3 1
code-intelligence.com/cifuzz/internal/build/other/other.go:341.16,343.3 1 0
code-intelligence.com/cifuzz/internal/build/other/other.go:344.2,345.16 2 1
code-intelligence.com/cifuzz/internal/build/other/other.go:345.16,347.3 1 0
code-intelligence.com/cifuzz/internal/build/other/other.go:349.2,354.16 3 1
code-intelligence.com/cifuzz/internal/build/other/other.go:354.16,356.3 1 0
code-intelligence.com/cifuzz/internal/build/other/other.go:360.2,361.16 2 1
code-intelligence.com/cifuzz/internal/build/other/other.go:361.16,363.3 1 0
code-intelligence.com/cifuzz/internal/build/other/other.go:364.2,366.16 3 1
code-intelligence.com/cifuzz/internal/build/other/other.go:366.16,368.3 1 0
code-intelligence.com/cifuzz/internal/build/other/other.go:369.2,370.16 2 1
code-intelligence.com/cifuzz/internal/build/other/other.go:370.16,372.3 1 0
code-intelligence.com/cifuzz/internal/build/other/other.go:377.2,378.16 2 1
code-intelligence.com/cifuzz/internal/build/other/other.go:378.16,380.3 1 0
code-intelligence.com/cifuzz/internal/build/other/other.go:382.2,382.12 1 1
code-intelligence.com/cifuzz/internal/build/other/other.go:385.75,386.52 1 1
code-intelligence.com/cifuzz/internal/build/other/other.go:386.52,388.17 2 0
code-intelligence.com/cifuzz/internal/build/other/other.go:388.17,390.4 1 0
code-intelligence.com/cifuzz/internal/build/other/other.go:391.3,391.22 1 0
code-intelligence.com/cifuzz/internal/build/other/other.go:394.2,395.81 2 1
code-intelligence.com/cifuzz/internal/build/other/other.go:395.81,396.17 1 1
code-intelligence.com/cifuzz/internal/build/other/other.go:396.17,398.4 1 0
code-intelligence.com/cifuzz/internal/build/other/other.go:399.3,399.19 1 1
code-intelligence.com/cifuzz/internal/build/other/other.go:399.19,401.4 1 1
code-intelligence.com/cifuzz/internal/build/other/other.go:402.3,402.32 1 1
code-intelligence.com/cifuzz/internal/build/other/other.go:402.32,403.38 1 0
code-intelligence.com/cifuzz/internal/build/other/other.go:403.38,405.5 1 0
code-intelligence.com/cifuzz/internal/build/other/other.go:406.9,410.58 1 1
code-intelligence.com/cifuzz/internal/build/other/other.go:410.58,412.5 1 1
code-intelligence.com/cifuzz/internal/build/other/other.go:414.3,414.13 1 1
code-intelligence.com/cifuzz/internal/build/other/other.go:416.2,416.16 1 1
code-intelligence.com/cifuzz/internal/build/other/other.go:416.16,418.3 1 0
code-intelligence.com/cifuzz/internal/build/other/other.go:420.2,420.22 1 1
code-intelligence.com/cifuzz/internal/build/other/other.go:420.22,422.3 1 0
code-intelligence.com/cifuzz/internal/build/other/other.go:423.2,424.16 2 1
code-intelligence.com/cifuzz/internal/build/other/other.go:424.16,426.3 1 0
code-intelligence.com/cifuzz/internal/build/other/other.go:427.2,427.21 1 1
code-intelligence.com/cifuzz/internal/builder/builder.go:37.61,41.24 2 0
code-intelligence.com/cifuzz/internal/builder/builder.go:41.24,43.3 1 0
code-intelligence.com/cifuzz/internal/builder/builder.go:44.2,45.16 2 0
code-intelligence.com/cifuzz/internal/builder/builder.go:45.16,47.3 1 0
code-intelligence.com/cifuzz/internal/builder/builder.go:49.2,50.16 2 0
code-intelligence.com/cifuzz/internal/builder/builder.go:50.16,52.3 1 0
code-intelligence.com/cifuzz/internal/builder/builder.go:54.2,55.16 2 0
code-intelligence.com/cifuzz/internal/builder/builder.go:55.16,57.3 1 0
code-intelligence.com/cifuzz/internal/builder/builder.go:59.2,65.16 3 0
code-intelligence.com/cifuzz/internal/builder/builder.go:65.16,69.3 1 0
code-intelligence.com/cifuzz/internal/builder/builder.go:71.2,72.16 2 0
code-intelligence.com/cifuzz/internal/builder/builder.go:72.16,75.3 2 0
code-intelligence.com/cifuzz/internal/builder/builder.go:77.2,79.15 2 0
code-intelligence.com/cifuzz/internal/builder/builder.go:82.55,84.16 2 0
code-intelligence.com/cifuzz/internal/builder/builder.go:84.16,86.3 1 0
code-intelligence.com/cifuzz/internal/builder/builder.go:87.2,88.16 2 0
code-intelligence.com/cifuzz/internal/builder/builder.go:88.16,90.3 1 0
code-intelligence.com/cifuzz/internal/builder/builder.go:91.2,92.16 2 0
code-intelligence.com/cifuzz/internal/builder/builder.go:92.16,94.3 1 0
code-intelligence.com/cifuzz/internal/builder/builder.go:95.2,96.16 2 0
code-intelligence.com/cifuzz/internal/builder/builder.go:96.16,98.3 1 0
code-intelligence.com/cifuzz/internal/builder/builder.go:99.2,100.16 2 0
code-intelligence.com/cifuzz/internal/builder/builder.go:100.16,102.3 1 0
code-intelligence.com/cifuzz/internal/builder/builder.go:104.2,104.12 1 0
code-intelligence.com/cifuzz/internal/builder/builder.go:107.41,109.2 1 0
code-intelligence.com/cifuzz/internal/builder/builder.go:111.45,113.2 1 0
code-intelligence.com/cifuzz/internal/builder/builder.go:115.41,117.2 1 0
code-intelligence.com/cifuzz/internal/builder/builder.go:119.43,121.2 1 0
code-intelligence.com/cifuzz/internal/builder/builder.go:123.41,125.2 1 0
code-intelligence.com/cifuzz/internal/builder/builder.go:127.43,129.2 1 0
code-intelligence.com/cifuzz/internal/builder/builder.go:131.35,136.2 2 0
code-intelligence.com/cifuzz/internal/builder/builder.go:142.38,143.16 1 0
code-intelligence.com/cifuzz/internal/builder/builder.go:143.16,145.3 1 0
code-intelligence.com/cifuzz/internal/builder/builder.go:146.2,147.16 2 0
code-intelligence.com/cifuzz/internal/builder/builder.go:147.16,149.3 1 0
code-intelligence.com/cifuzz/internal/builder/builder.go:150.2,151.12 2 0
code-intelligence.com/cifuzz/internal/builder/builder.go:157.40,158.17 1 0
code-intelligence.com/cifuzz/internal/builder/builder.go:158.17,160.3 1 0
code-intelligence.com/cifuzz/internal/builder/builder.go:161.2,162.16 2 0
code-intelligence.com/cifuzz/internal/builder/builder.go:162.16,164.3 1 0
code-intelligence.com/cifuzz/internal/builder/builder.go:165.2,166.12 2 0
code-intelligence.com/cifuzz/internal/builder/builder.go:169.52,173.16 3 0
code-intelligence.com/cifuzz/internal/builder/builder.go:173.16,175.3 1 0
code-intelligence.com/cifuzz/internal/builder/builder.go:176.2,176.15 1 0
code-intelligence.com/cifuzz/internal/builder/builder.go:176.15,178.17 2 0
code-intelligence.com/cifuzz/internal/builder/builder.go:178.17,180.4 1 0
code-intelligence.com/cifuzz/internal/builder/builder.go:183.2,183.29 1 0
code-intelligence.com/cifuzz/internal/builder/builder.go:183.29,185.17 2 0
code-intelligence.com/cifuzz/internal/builder/builder.go:185.17,187.4 1 0
code-intelligence.com/cifuzz/internal/builder/builder.go:189.3,190.17 2 0
code-intelligence.com/cifuzz/internal/builder/builder.go:190.17,192.4 1 0
code-intelligence.com/cifuzz/internal/builder/builder.go:195.2,196.16 2 0
code-intelligence.com/cifuzz/internal/builder/builder.go:196.16,198.3 1 0
code-intelligence.com/cifuzz/internal/builder/builder.go:200.2,201.16 2 0
code-intelligence.com/cifuzz/internal/builder/builder.go:201.16,203.3 1 0
code-intelligence.com/cifuzz/internal/builder/builder.go:205.2,205.12 1 0
code-intelligence.com/cifuzz/internal/builder/builder.go:208.47,212.16 3 0
code-intelligence.com/cifuzz/internal/builder/builder.go:212.16,214.3 1 0
code-intelligence.com/cifuzz/internal/builder/builder.go:215.2,215.15 1 0
code-intelligence.com/cifuzz/internal/builder/builder.go:215.15,217.17 2 0
code-intelligence.com/cifuzz/internal/builder/builder.go:217.17,219.4 1 0
code-intelligence.com/cifuzz/internal/builder/builder.go:222.2,230.16 5 0
code-intelligence.com/cifuzz/internal/builder/builder.go:230.16,232.3 1 0
code-intelligence.com/cifuzz/internal/builder/builder.go:233.2,237.16 5 0
code-intelligence.com/cifuzz/internal/builder/builder.go:237.16,239.3 1 0
code-intelligence.com/cifuzz/internal/builder/builder.go:242.2,245.16 4 0
code-intelligence.com/cifuzz/internal/builder/builder.go:245.16,247.3 1 0
code-intelligence.com/cifuzz/internal/builder/builder.go:249.2,249.12 1 0
code-intelligence.com/cifuzz/internal/builder/builder.go:252.53,255.16 3 0
code-intelligence.com/cifuzz/internal/builder/builder.go:255.16,257.3 1 0
code-intelligence.com/cifuzz/internal/builder/builder.go:258.2,258.15 1 0
code-intelligence.com/cifuzz/internal/builder/builder.go:258.15,260.17 2 0
code-intelligence.com/cifuzz/internal/builder/builder.go:260.17,262.4 1 0
code-intelligence.com/cifuzz/internal/builder/builder.go:266.2,267.20 2 0
code-intelligence.com/cifuzz/internal/builder/builder.go:267.20,269.17 2 0
code-intelligence.com/cifuzz/internal/builder/builder.go:269.17,271.4 1 0
code-intelligence.com/cifuzz/internal/builder/builder.go:273.2,280.16 8 0
code-intelligence.com/cifuzz/internal/builder/builder.go:280.16,282.3 1 0
code-intelligence.com/cifuzz/internal/builder/builder.go:284.2,284.12 1 0
code-intelligence.com/cifuzz/internal/builder/builder.go:287.45,290.16 3 0
code-intelligence.com/cifuzz/internal/builder/builder.go:290.16,292.3 1 0
code-intelligence.com/cifuzz/internal/builder/builder.go:293.2,293.15 1 0
code-intelligence.com/cifuzz/internal/builder/builder.go:293.15,295.17 2 0
code-intelligence.com/cifuzz/internal/builder/builder.go:295.17,297.4 1 0
code-intelligence.com/cifuzz/internal/builder/builder.go:301.2,308.16 6 0
code-intelligence.com/cifuzz/internal/builder/builder.go:308.16,310.3 1 0
code-intelligence.com/cifuzz/internal/builder/builder.go:311.2,318.16 8 0
code-intelligence.com/cifuzz/internal/builder/builder.go:318.16,320.3 1 0
code-intelligence.com/cifuzz/internal/builder/builder.go:322.2,322.12 1 0
code-intelligence.com/cifuzz/internal/builder/builder.go:326.43,329.16 3 0
code-intelligence.com/cifuzz/internal/builder/builder.go:329.16,331.3 1 0
code-intelligence.com/cifuzz/internal/builder/builder.go:332.2,332.15 1 0
code-intelligence.com/cifuzz/internal/builder/builder.go:332.15,334.17 2 0
code-intelligence.com/cifuzz/internal/builder/builder.go:334.17,336.4 1 0
code-intelligence.com/cifuzz/internal/builder/builder.go:339.2,343.54 1 0
code-intelligence.com/cifuzz/internal/builder/builder.go:343.54,345.4 1 0
code-intelligence.com/cifuzz/internal/builder/builder.go:349.2,350.16 2 0
code-intelligence.com/cifuzz/internal/builder/builder.go:350.16,352.3 1 0
code-intelligence.com/cifuzz/internal/builder/builder.go:355.2,356.16 2 0
code-intelligence.com/cifuzz/internal/builder/builder.go:356.16,358.3 1 0
code-intelligence.com/cifuzz/internal/builder/builder.go:361.2,362.16 2 0
code-intelligence.com/cifuzz/internal/builder/builder.go:362.16,364.3 1 0
code-intelligence.com/cifuzz/internal/builder/builder.go:365.2,366.16 2 0
code-intelligence.com/cifuzz/internal/builder/builder.go:366.16,368.3 1 0
code-intelligence.com/cifuzz/internal/builder/builder.go:369.2,370.16 2 0
code-intelligence.com/cifuzz/internal/builder/builder.go:370.16,372.3 1 0
code-intelligence.com/cifuzz/internal/builder/builder.go:374.2,374.12 1 0
code-intelligence.com/cifuzz/internal/builder/builder.go:377.39,380.16 2 0
code-intelligence.com/cifuzz/internal/builder/builder.go:380.16,382.3 1 0
code-intelligence.com/cifuzz/internal/builder/builder.go:383.2,384.16 2 0
code-intelligence.com/cifuzz/internal/builder/builder.go:384.16,386.3 1 0
code-intelligence.com/cifuzz/internal/builder/builder.go:387.2,387.14 1 0
code-intelligence.com/cifuzz/internal/builder/builder.go:387.14,388.45 1 0
code-intelligence.com/cifuzz/internal/builder/builder.go:388.45,390.4 1 0
code-intelligence.com/cifuzz/internal/builder/builder.go:391.3,393.17 3 0
code-intelligence.com/cifuzz/internal/builder/builder.go:393.17,395.4 1 0
code-intelligence.com/cifuzz/internal/builder/builder.go:397.2,397.24 1 0
code-intelligence.com/cifuzz/internal/builder/builder.go:400.49,402.31 2 0
code-intelligence.com/cifuzz/internal/builder/builder.go:402.31,404.3 1 0
code-intelligence.com/cifuzz/internal/builder/builder.go:405.2,405.13 1 0
code-intelligence.com/cifuzz/internal/builder/builder.go:408.58,411.39 2 0
code-intelligence.com/cifuzz/internal/builder/builder.go:411.39,413.17 2 0
code-intelligence.com/cifuzz/internal/builder/builder.go:413.17,415.4 1 0
code-intelligence.com/cifuzz/internal/builder/builder.go:416.3,416.56 1 0
code-intelligence.com/cifuzz/internal/builder/builder.go:419.2,420.16 2 0
code-intelligence.com/cifuzz/internal/builder/builder.go:420.16,422.3 1 0
code-intelligence.com/cifuzz/internal/builder/builder.go:424.2,424.23 1 0
code-intelligence.com/cifuzz/internal/bundler/bundler.go:29.31,31.2 1 1
code-intelligence.com/cifuzz/internal/bundler/bundler.go:33.44,38.16 3 1
code-intelligence.com/cifuzz/internal/bundler/bundler.go:38.16,40.3 1 0
code-intelligence.com/cifuzz/internal/bundler/bundler.go:41.2,45.16 4 1
code-intelligence.com/cifuzz/internal/bundler/bundler.go:45.16,47.3 1 0
code-intelligence.com/cifuzz/internal/bundler/bundler.go:50.2,50.15 1 1
code-intelligence.com/cifuzz/internal/bundler/bundler.go:50.15,52.17 2 1
code-intelligence.com/cifuzz/internal/bundler/bundler.go:52.17,54.4 1 1
code-intelligence.com/cifuzz/internal/bundler/bundler.go:58.2,62.28 4 1
code-intelligence.com/cifuzz/internal/bundler/bundler.go:63.81,64.69 1 0
code-intelligence.com/cifuzz/internal/bundler/bundler.go:65.57,66.66 1 0
code-intelligence.com/cifuzz/internal/bundler/bundler.go:67.10,68.82 1 1
code-intelligence.com/cifuzz/internal/bundler/bundler.go:70.2,70.16 1 1
code-intelligence.com/cifuzz/internal/bundler/bundler.go:70.16,72.3 1 1
code-intelligence.com/cifuzz/internal/bundler/bundler.go:74.2,76.16 3 0
code-intelligence.com/cifuzz/internal/bundler/bundler.go:76.16,78.3 1 0
code-intelligence.com/cifuzz/internal/bundler/bundler.go:80.2,81.16 2 0
code-intelligence.com/cifuzz/internal/bundler/bundler.go:81.16,83.3 1 0
code-intelligence.com/cifuzz/internal/bundler/bundler.go:85.2,86.16 2 0
code-intelligence.com/cifuzz/internal/bundler/bundler.go:86.16,88.3 1 0
code-intelligence.com/cifuzz/internal/bundler/bundler.go:91.2,91.37 1 0
code-intelligence.com/cifuzz/internal/bundler/bundler.go:91.37,93.17 2 0
code-intelligence.com/cifuzz/internal/bundler/bundler.go:93.17,95.4 1 0
code-intelligence.com/cifuzz/internal/bundler/bundler.go:98.2,99.16 2 0
code-intelligence.com/cifuzz/internal/bundler/bundler.go:99.16,101.3 1 0
code-intelligence.com/cifuzz/internal/bundler/bundler.go:102.2,103.16 2 0
code-intelligence.com/cifuzz/internal/bundler/bundler.go:103.16,105.3 1 0
code-intelligence.com/cifuzz/internal/bundler/bundler.go:106.2,107.16 2 0
code-intelligence.com/cifuzz/internal/bundler/bundler.go:107.16,109.3 1 0
code-intelligence.com/cifuzz/internal/bundler/bundler.go:111.2,111.27 1 0
code-intelligence.com/cifuzz/internal/bundler/bundler.go:114.57,117.29 2 1
code-intelligence.com/cifuzz/internal/bundler/bundler.go:117.30,119.3 0 1
code-intelligence.com/cifuzz/internal/bundler/bundler.go:119.8,119.39 1 0
code-intelligence.com/cifuzz/internal/bundler/bundler.go:119.39,122.3 2 0
code-intelligence.com/cifuzz/internal/bundler/bundler.go:122.8,124.3 1 0
code-intelligence.com/cifuzz/internal/bundler/bundler.go:126.2,127.16 2 1
code-intelligence.com/cifuzz/internal/bundler/bundler.go:127.16,129.3 1 0
code-intelligence.com/cifuzz/internal/bundler/bundler.go:131.2,131.20 1 1
code-intelligence.com/cifuzz/internal/bundler/bundler.go:134.58,136.35 2 0
code-intelligence.com/cifuzz/internal/bundler/bundler.go:136.35,137.29 1 0
code-intelligence.com/cifuzz/internal/bundler/bundler.go:138.82,140.46 1 0
code-intelligence.com/cifuzz/internal/bundler/bundler.go:141.58,143.50 1 0
code-intelligence.com/cifuzz/internal/bundler/bundler.go:147.2,147.32 1 0
code-intelligence.com/cifuzz/internal/bundler/bundler.go:150.149,161.16 3 0
code-intelligence.com/cifuzz/internal/bundler/bundler.go:161.16,163.3 1 0
code-intelligence.com/cifuzz/internal/bundler/bundler.go:164.2,166.16 3 0
code-intelligence.com/cifuzz/internal/bundler/bundler.go:166.16,168.3 1 0
code-intelligence.com/cifuzz/internal/bundler/bundler.go:169.2,170.16 2 0
code-intelligence.com/cifuzz/internal/bundler/bundler.go:170.16,172.3 1 0
code-intelligence.com/cifuzz/internal/bundler/bundler.go:174.2,174.12 1 0
code-intelligence.com/cifuzz/internal/bundler/bundler.go:177.85,181.16 3 0
code-intelligence.com/cifuzz/internal/bundler/bundler.go:181.16,183.3 1 0
code-intelligence.com/cifuzz/internal/bundler/bundler.go:184.2,185.16 2 0
code-intelligence.com/cifuzz/internal/bundler/bundler.go:185.16,187.3 1 0
code-intelligence.com/cifuzz/internal/bundler/bundler.go:189.2,189.12 1 0
code-intelligence.com/cifuzz/internal/bundler/bundler.go:192.91,193.45 1 0
code-intelligence.com/cifuzz/internal/bundler/bundler.go:193.45,195.17 2 0
code-intelligence.com/cifuzz/internal/bundler/bundler.go:195.17,197.4 1 0
code-intelligence.com/cifuzz/internal/bundler/bundler.go:199.3,199.30 1 0
code-intelligence.com/cifuzz/internal/bundler/bundler.go:199.30,201.4 1 0
code-intelligence.com/cifuzz/internal/bundler/bundler.go:203.3,203.29 1 0
code-intelligence.com/cifuzz/internal/bundler/bundler.go:203.29,205.18 2 0
code-intelligence.com/cifuzz/internal/bundler/bundler.go:205.18,207.5 1 0
code-intelligence.com/cifuzz/internal/bundler/bundler.go:208.9,210.18 2 0
code-intelligence.com/cifuzz/internal/bundler/bundler.go:210.18,212.5 1 0
code-intelligence.com/cifuzz/internal/bundler/bundler.go:216.2,216.12 1 0
code-intelligence.com/cifuzz/internal/bundler/bundler.go:221.59,226.25 4 0
code-intelligence.com/cifuzz/internal/bundler/bundler.go:226.25,228.17 2 0
code-intelligence.com/cifuzz/internal/bundler/bundler.go:228.17,235.4 2 0
code-intelligence.com/cifuzz/internal/bundler/bundler.go:236.8,238.3 1 0
code-intelligence.com/cifuzz/internal/bundler/bundler.go:240.2,240.25 1 0
code-intelligence.com/cifuzz/internal/bundler/bundler.go:240.25,242.17 2 0
code-intelligence.com/cifuzz/internal/bundler/bundler.go:242.17,246.4 2 0
code-intelligence.com/cifuzz/internal/bundler/bundler.go:247.8,249.3 1 0
code-intelligence.com/cifuzz/internal/bundler/bundler.go:251.2,251.22 1 0
code-intelligence.com/cifuzz/internal/bundler/bundler.go:251.22,253.3 1 0
code-intelligence.com/cifuzz/internal/bundler/bundler.go:255.2,260.3 1 0
code-intelligence.com/cifuzz/internal/bundler/bundler.go:263.111,265.43 2 1
code-intelligence.com/cifuzz/internal/bundler/bundler.go:265.43,274.49 4 1
code-intelligence.com/cifuzz/internal/bundler/bundler.go:274.49,277.4 2 0
code-intelligence.com/cifuzz/internal/bundler/bundler.go:278.3,282.17 3 1
code-intelligence.com/cifuzz/internal/bundler/bundler.go:282.17,284.4 1 0
code-intelligence.com/cifuzz/internal/bundler/bundler.go:286.2,286.12 1 1
code-intelligence.com/cifuzz/internal/bundler/bundler.go:289.71,293.21 3 1
code-intelligence.com/cifuzz/internal/bundler/bundler.go:293.21,298.3 2 1
code-intelligence.com/cifuzz/internal/bundler/bundler.go:298.8,302.3 2 1
code-intelligence.com/cifuzz/internal/bundler/bundler.go:304.2,304.52 1 1
code-intelligence.com/cifuzz/internal/bundler/bundler.go:304.52,306.3 1 0
code-intelligence.com/cifuzz/internal/bundler/bundler.go:308.2,308.28 1 1
code-intelligence.com/cifuzz/internal/bundler/bundler.go:308.28,310.3 1 0
code-intelligence.com/cifuzz/internal/bundler/bundler.go:312.2,312.28 1 1
code-intelligence.com/cifuzz/internal/bundler/jazzer_bundler.go:33.87,35.2 1 1
code-intelligence.com/cifuzz/internal/bundler/jazzer_bundler.go:37.61,39.16 2 0
code-intelligence.com/cifuzz/internal/bundler/jazzer_bundler.go:39.16,41.3 1 0
code-intelligence.com/cifuzz/internal/bundler/jazzer_bundler.go:43.2,44.16 2 0
code-intelligence.com/cifuzz/internal/bundler/jazzer_bundler.go:44.16,46.3 1 0
code-intelligence.com/cifuzz/internal/bundler/jazzer_bundler.go:48.2,48.42 1 0
code-intelligence.com/cifuzz/internal/bundler/jazzer_bundler.go:51.100,55.29 3 1
code-intelligence.com/cifuzz/internal/bundler/jazzer_bundler.go:55.29,58.17 3 0
code-intelligence.com/cifuzz/internal/bundler/jazzer_bundler.go:58.17,60.4 1 0
code-intelligence.com/cifuzz/internal/bundler/jazzer_bundler.go:64.2,64.43 1 1
code-intelligence.com/cifuzz/internal/bundler/jazzer_bundler.go:64.43,66.37 2 1
code-intelligence.com/cifuzz/internal/bundler/jazzer_bundler.go:66.37,68.4 1 1
code-intelligence.com/cifuzz/internal/bundler/jazzer_bundler.go:70.3,73.17 3 1
code-intelligence.com/cifuzz/internal/bundler/jazzer_bundler.go:73.17,75.4 1 0
code-intelligence.com/cifuzz/internal/bundler/jazzer_bundler.go:79.3,80.17 2 1
code-intelligence.com/cifuzz/internal/bundler/jazzer_bundler.go:80.17,82.4 1 0
code-intelligence.com/cifuzz/internal/bundler/jazzer_bundler.go:83.3,88.17 4 1
code-intelligence.com/cifuzz/internal/bundler/jazzer_bundler.go:88.17,90.4 1 0
code-intelligence.com/cifuzz/internal/bundler/jazzer_bundler.go:92.3,96.54 2 1
code-intelligence.com/cifuzz/internal/bundler/jazzer_bundler.go:96.54,101.26 3 1
code-intelligence.com/cifuzz/internal/bundler/jazzer_bundler.go:101.26,102.13 1 0
code-intelligence.com/cifuzz/internal/bundler/jazzer_bundler.go:104.4,104.18 1 1
code-intelligence.com/cifuzz/internal/bundler/jazzer_bundler.go:104.18,106.5 1 0
code-intelligence.com/cifuzz/internal/bundler/jazzer_bundler.go:108.4,108.21 1 1
code-intelligence.com/cifuzz/internal/bundler/jazzer_bundler.go:108.21,114.19 2 1
code-intelligence.com/cifuzz/internal/bundler/jazzer_bundler.go:114.19,116.6 1 0
code-intelligence.com/cifuzz/internal/bundler/jazzer_bundler.go:117.5,121.19 4 1
code-intelligence.com/cifuzz/internal/bundler/jazzer_bundler.go:121.19,123.6 1 0
code-intelligence.com/cifuzz/internal/bundler/jazzer_bundler.go:124.10,129.19 3 1
code-intelligence.com/cifuzz/internal/bundler/jazzer_bundler.go:129.19,131.6 1 0
code-intelligence.com/cifuzz/internal/bundler/jazzer_bundler.go:132.5,132.53 1 1
code-intelligence.com/cifuzz/internal/bundler/jazzer_bundler.go:142.3,142.32 1 1
code-intelligence.com/cifuzz/internal/bundler/jazzer_bundler.go:142.32,143.45 1 0
code-intelligence.com/cifuzz/internal/bundler/jazzer_bundler.go:143.45,145.5 1 0
code-intelligence.com/cifuzz/internal/bundler/jazzer_bundler.go:148.3,162.36 2 1
code-intelligence.com/cifuzz/internal/bundler/jazzer_bundler.go:164.2,164.21 1 1
code-intelligence.com/cifuzz/internal/bundler/jazzer_bundler.go:167.53,172.36 2 1
code-intelligence.com/cifuzz/internal/bundler/jazzer_bundler.go:172.36,175.17 3 0
code-intelligence.com/cifuzz/internal/bundler/jazzer_bundler.go:175.17,177.4 1 0
code-intelligence.com/cifuzz/internal/bundler/jazzer_bundler.go:180.2,180.29 1 1
code-intelligence.com/cifuzz/internal/bundler/jazzer_bundler.go:183.51,185.28 2 0
code-intelligence.com/cifuzz/internal/bundler/jazzer_bundler.go:186.31,187.67 1 0
code-intelligence.com/cifuzz/internal/bundler/jazzer_bundler.go:188.32,189.68 1 0
code-intelligence.com/cifuzz/internal/bundler/jazzer_bundler.go:191.2,192.16 2 0
code-intelligence.com/cifuzz/internal/bundler/jazzer_bundler.go:192.16,195.3 2 0
code-intelligence.com/cifuzz/internal/bundler/jazzer_bundler.go:196.2,196.12 1 0
code-intelligence.com/cifuzz/internal/bundler/jazzer_bundler.go:199.61,205.16 5 0
code-intelligence.com/cifuzz/internal/bundler/jazzer_bundler.go:205.16,207.3 1 0
code-intelligence.com/cifuzz/internal/bundler/jazzer_bundler.go:209.2,210.28 2 0
code-intelligence.com/cifuzz/internal/bundler/jazzer_bundler.go:211.31,212.38 1 0
code-intelligence.com/cifuzz/internal/bundler/jazzer_bundler.go:212.38,215.4 1 0
code-intelligence.com/cifuzz/internal/bundler/jazzer_bundler.go:217.3,226.17 2 0
code-intelligence.com/cifuzz/internal/bundler/jazzer_bundler.go:226.17,228.4 1 0
code-intelligence.com/cifuzz/internal/bundler/jazzer_bundler.go:230.3,230.28 1 0
code-intelligence.com/cifuzz/internal/bundler/jazzer_bundler.go:230.28,232.18 2 0
code-intelligence.com/cifuzz/internal/bundler/jazzer_bundler.go:232.18,234.5 1 0
code-intelligence.com/cifuzz/internal/bundler/jazzer_bundler.go:235.4,235.52 1 0
code-intelligence.com/cifuzz/internal/bundler/jazzer_bundler.go:237.32,238.38 1 0
code-intelligence.com/cifuzz/internal/bundler/jazzer_bundler.go:238.38,241.4 1 0
code-intelligence.com/cifuzz/internal/bundler/jazzer_bundler.go:243.3,252.17 2 0
code-intelligence.com/cifuzz/internal/bundler/jazzer_bundler.go:252.17,254.4 1 0
code-intelligence.com/cifuzz/internal/bundler/jazzer_bundler.go:255.3,255.28 1 0
code-intelligence.com/cifuzz/internal/bundler/jazzer_bundler.go:255.28,257.18 2 0
code-intelligence.com/cifuzz/internal/bundler/jazzer_bundler.go:257.18,259.5 1 0
code-intelligence.com/cifuzz/internal/bundler/jazzer_bundler.go:260.4,260.52 1 0
code-intelligence.com/cifuzz/internal/bundler/jazzer_bundler.go:264.2,264.26 1 0
code-intelligence.com/cifuzz/internal/bundler/jazzer_bundler.go:268.100,271.24 2 1
code-intelligence.com/cifuzz/internal/bundler/jazzer_bundler.go:271.24,273.3 1 1
code-intelligence.com/cifuzz/internal/bundler/jazzer_bundler.go:274.2,275.16 2 1
code-intelligence.com/cifuzz/internal/bundler/jazzer_bundler.go:275.16,277.3 1 0
code-intelligence.com/cifuzz/internal/bundler/jazzer_bundler.go:280.2,284.24 2 1
code-intelligence.com/cifuzz/internal/bundler/jazzer_bundler.go:284.24,286.3 1 1
code-intelligence.com/cifuzz/internal/bundler/jazzer_bundler.go:288.2,289.16 2 1
code-intelligence.com/cifuzz/internal/bundler/jazzer_bundler.go:289.16,291.3 1 0
code-intelligence.com/cifuzz/internal/bundler/jazzer_bundler.go:293.2,293.21 1 1
code-intelligence.com/cifuzz/internal/bundler/jazzer_bundler.go:298.74,302.16 3 1
code-intelligence.com/cifuzz/internal/bundler/jazzer_bundler.go:302.16,304.3 1 0
code-intelligence.com/cifuzz/internal/bundler/jazzer_bundler.go:306.2,307.16 2 1
code-intelligence.com/cifuzz/internal/bundler/jazzer_bundler.go:307.16,309.3 1 0
code-intelligence.com/cifuzz/internal/bundler/jazzer_bundler.go:310.2,310.33 1 1
code-intelligence.com/cifuzz/internal/bundler/jazzer_bundler.go:310.33,313.3 2 0
code-intelligence.com/cifuzz/internal/bundler/jazzer_bundler.go:315.2,318.32 3 1
code-intelligence.com/cifuzz/internal/bundler/jazzer_bundler.go:318.32,321.46 1 0
code-intelligence.com/cifuzz/internal/bundler/jazzer_bundler.go:321.46,325.4 3 0
code-intelligence.com/cifuzz/internal/bundler/jazzer_bundler.go:326.8,327.45 1 1
code-intelligence.com/cifuzz/internal/bundler/jazzer_bundler.go:327.45,329.40 1 1
code-intelligence.com/cifuzz/internal/bundler/jazzer_bundler.go:329.40,332.57 2 1
code-intelligence.com/cifuzz/internal/bundler/jazzer_bundler.go:332.57,335.6 2 0
code-intelligence.com/cifuzz/internal/bundler/jazzer_bundler.go:337.5,338.56 2 1
code-intelligence.com/cifuzz/internal/bundler/jazzer_bundler.go:339.10,342.19 2 1
code-intelligence.com/cifuzz/internal/bundler/jazzer_bundler.go:342.19,344.6 1 0
code-intelligence.com/cifuzz/internal/bundler/jazzer_bundler.go:345.5,345.35 1 1
code-intelligence.com/cifuzz/internal/bundler/jazzer_bundler.go:345.35,348.6 2 0
code-intelligence.com/cifuzz/internal/bundler/jazzer_bundler.go:350.5,350.43 1 1
code-intelligence.com/cifuzz/internal/bundler/jazzer_bundler.go:350.43,354.6 3 1
code-intelligence.com/cifuzz/internal/bundler/jazzer_bundler.go:359.2,359.38 1 1
code-intelligence.com/cifuzz/internal/bundler/jazzer_bundler.go:362.57,369.52 3 1
code-intelligence.com/cifuzz/internal/bundler/jazzer_bundler.go:369.52,371.17 2 0
code-intelligence.com/cifuzz/internal/bundler/jazzer_bundler.go:371.17,373.4 1 0
code-intelligence.com/cifuzz/internal/bundler/jazzer_bundler.go:374.8,376.3 1 1
code-intelligence.com/cifuzz/internal/bundler/jazzer_bundler.go:378.2,378.22 1 1
code-intelligence.com/cifuzz/internal/bundler/libfuzzer_bundler.go:50.72,52.2 1 1
code-intelligence.com/cifuzz/internal/bundler/libfuzzer_bundler.go:59.93,61.2 1 1
code-intelligence.com/cifuzz/internal/bundler/libfuzzer_bundler.go:63.64,65.16 2 0
code-intelligence.com/cifuzz/internal/bundler/libfuzzer_bundler.go:65.16,67.3 1 0
code-intelligence.com/cifuzz/internal/bundler/libfuzzer_bundler.go:69.2,70.16 2 0
code-intelligence.com/cifuzz/internal/bundler/libfuzzer_bundler.go:70.16,72.3 1 0
code-intelligence.com/cifuzz/internal/bundler/libfuzzer_bundler.go:76.2,78.43 3 0
code-intelligence.com/cifuzz/internal/bundler/libfuzzer_bundler.go:78.43,80.17 2 0
code-intelligence.com/cifuzz/internal/bundler/libfuzzer_bundler.go:80.17,82.4 1 0
code-intelligence.com/cifuzz/internal/bundler/libfuzzer_bundler.go:83.3,84.40 2 0
code-intelligence.com/cifuzz/internal/bundler/libfuzzer_bundler.go:84.40,86.4 1 0
code-intelligence.com/cifuzz/internal/bundler/libfuzzer_bundler.go:89.2,91.26 3 0
code-intelligence.com/cifuzz/internal/bundler/libfuzzer_bundler.go:91.26,94.3 1 0
code-intelligence.com/cifuzz/internal/bundler/libfuzzer_bundler.go:96.2,96.21 1 0
code-intelligence.com/cifuzz/internal/bundler/libfuzzer_bundler.go:99.72,108.31 2 0
code-intelligence.com/cifuzz/internal/bundler/libfuzzer_bundler.go:108.31,110.3 1 0
code-intelligence.com/cifuzz/internal/bundler/libfuzzer_bundler.go:111.2,114.31 2 0
code-intelligence.com/cifuzz/internal/bundler/libfuzzer_bundler.go:114.31,119.3 2 0
code-intelligence.com/cifuzz/internal/bundler/libfuzzer_bundler.go:121.2,121.28 1 0
code-intelligence.com/cifuzz/internal/bundler/libfuzzer_bundler.go:122.31,123.52 1 0
code-intelligence.com/cifuzz/internal/bundler/libfuzzer_bundler.go:124.31,125.52 1 0
code-intelligence.com/cifuzz/internal/bundler/libfuzzer_bundler.go:126.31,127.52 1 0
code-intelligence.com/cifuzz/internal/bundler/libfuzzer_bundler.go:128.10,133.73 1 0
code-intelligence.com/cifuzz/internal/bundler/libfuzzer_bundler.go:137.113,139.44 2 0
code-intelligence.com/cifuzz/internal/bundler/libfuzzer_bundler.go:139.44,149.17 2 0
code-intelligence.com/cifuzz/internal/bundler/libfuzzer_bundler.go:149.17,151.4 1 0
code-intelligence.com/cifuzz/internal/bundler/libfuzzer_bundler.go:153.3,155.33 2 0
code-intelligence.com/cifuzz/internal/bundler/libfuzzer_bundler.go:155.33,160.36 1 0
code-intelligence.com/cifuzz/internal/bundler/libfuzzer_bundler.go:163.3,164.17 2 0
code-intelligence.com/cifuzz/internal/bundler/libfuzzer_bundler.go:164.17,166.4 1 0
code-intelligence.com/cifuzz/internal/bundler/libfuzzer_bundler.go:167.3,167.46 1 0
code-intelligence.com/cifuzz/internal/bundler/libfuzzer_bundler.go:170.2,170.24 1 0
code-intelligence.com/cifuzz/internal/bundler/libfuzzer_bundler.go:173.113,175.44 2 0
code-intelligence.com/cifuzz/internal/bundler/libfuzzer_bundler.go:175.44,188.17 2 0
code-intelligence.com/cifuzz/internal/bundler/libfuzzer_bundler.go:188.17,190.4 1 0
code-intelligence.com/cifuzz/internal/bundler/libfuzzer_bundler.go:192.3,195.17 3 0
code-intelligence.com/cifuzz/internal/bundler/libfuzzer_bundler.go:195.17,197.4 1 0
code-intelligence.com/cifuzz/internal/bundler/libfuzzer_bundler.go:199.3,200.33 2 0
code-intelligence.com/cifuzz/internal/bundler/libfuzzer_bundler.go:200.33,202.18 2 0
code-intelligence.com/cifuzz/internal/bundler/libfuzzer_bundler.go:202.18,204.5 1 0
code-intelligence.com/cifuzz/internal/bundler/libfuzzer_bundler.go:205.9,207.4 1 0
code-intelligence.com/cifuzz/internal/bundler/libfuzzer_bundler.go:212.3,213.17 2 0
code-intelligence.com/cifuzz/internal/bundler/libfuzzer_bundler.go:213.17,215.4 1 0
code-intelligence.com/cifuzz/internal/bundler/libfuzzer_bundler.go:216.3,216.46 1 0
code-intelligence.com/cifuzz/internal/bundler/libfuzzer_bundler.go:219.2,219.24 1 0
code-intelligence.com/cifuzz/internal/bundler/libfuzzer_bundler.go:222.78,224.41 2 0
code-intelligence.com/cifuzz/internal/bundler/libfuzzer_bundler.go:224.41,226.3 1 0
code-intelligence.com/cifuzz/internal/bundler/libfuzzer_bundler.go:226.8,228.3 1 0
code-intelligence.com/cifuzz/internal/bundler/libfuzzer_bundler.go:233.2,233.46 1 0
code-intelligence.com/cifuzz/internal/bundler/libfuzzer_bundler.go:233.46,235.3 1 0
code-intelligence.com/cifuzz/internal/bundler/libfuzzer_bundler.go:237.2,237.52 1 0
code-intelligence.com/cifuzz/internal/bundler/libfuzzer_bundler.go:240.113,241.37 1 0
code-intelligence.com/cifuzz/internal/bundler/libfuzzer_bundler.go:241.37,244.3 1 0
code-intelligence.com/cifuzz/internal/bundler/libfuzzer_bundler.go:246.2,247.44 2 0
code-intelligence.com/cifuzz/internal/bundler/libfuzzer_bundler.go:247.44,256.17 2 0
code-intelligence.com/cifuzz/internal/bundler/libfuzzer_bundler.go:256.17,258.4 1 0
code-intelligence.com/cifuzz/internal/bundler/libfuzzer_bundler.go:260.3,262.33 2 0
code-intelligence.com/cifuzz/internal/bundler/libfuzzer_bundler.go:262.33,267.36 1 0
code-intelligence.com/cifuzz/internal/bundler/libfuzzer_bundler.go:270.3,270.41 1 0
code-intelligence.com/cifuzz/internal/bundler/libfuzzer_bundler.go:270.41,272.4 1 0
code-intelligence.com/cifuzz/internal/bundler/libfuzzer_bundler.go:274.3,274.45 1 0
code-intelligence.com/cifuzz/internal/bundler/libfuzzer_bundler.go:274.45,276.18 2 0
code-intelligence.com/cifuzz/internal/bundler/libfuzzer_bundler.go:276.18,278.5 1 0
code-intelligence.com/cifuzz/internal/bundler/libfuzzer_bundler.go:283.4,285.18 3 0
code-intelligence.com/cifuzz/internal/bundler/libfuzzer_bundler.go:285.18,287.5 1 0
code-intelligence.com/cifuzz/internal/bundler/libfuzzer_bundler.go:289.4,289.37 1 0
code-intelligence.com/cifuzz/internal/bundler/libfuzzer_bundler.go:293.2,293.21 1 0
code-intelligence.com/cifuzz/internal/bundler/libfuzzer_bundler.go:296.100,299.16 3 0
code-intelligence.com/cifuzz/internal/bundler/libfuzzer_bundler.go:299.16,301.3 1 0
code-intelligence.com/cifuzz/internal/bundler/libfuzzer_bundler.go:302.2,302.13 1 0
code-intelligence.com/cifuzz/internal/bundler/libfuzzer_bundler.go:302.13,304.17 2 0
code-intelligence.com/cifuzz/internal/bundler/libfuzzer_bundler.go:304.17,306.4 1 0
code-intelligence.com/cifuzz/internal/bundler/libfuzzer_bundler.go:307.3,309.17 3 0
code-intelligence.com/cifuzz/internal/bundler/libfuzzer_bundler.go:309.17,311.4 1 0
code-intelligence.com/cifuzz/internal/bundler/libfuzzer_bundler.go:312.3,312.45 1 0
code-intelligence.com/cifuzz/internal/bundler/libfuzzer_bundler.go:318.2,318.58 1 0
code-intelligence.com/cifuzz/internal/bundler/libfuzzer_bundler.go:318.58,320.3 1 0
code-intelligence.com/cifuzz/internal/bundler/libfuzzer_bundler.go:322.2,322.46 1 0
code-intelligence.com/cifuzz/internal/bundler/libfuzzer_bundler.go:322.46,324.17 2 0
code-intelligence.com/cifuzz/internal/bundler/libfuzzer_bundler.go:324.17,326.4 1 0
code-intelligence.com/cifuzz/internal/bundler/libfuzzer_bundler.go:327.3,328.14 2 0
code-intelligence.com/cifuzz/internal/bundler/libfuzzer_bundler.go:328.14,330.4 1 0
code-intelligence.com/cifuzz/internal/bundler/libfuzzer_bundler.go:330.9,332.4 1 0
code-intelligence.com/cifuzz/internal/bundler/libfuzzer_bundler.go:334.3,335.17 2 0
code-intelligence.com/cifuzz/internal/bundler/libfuzzer_bundler.go:335.17,337.4 1 0
code-intelligence.com/cifuzz/internal/bundler/libfuzzer_bundler.go:338.3,344.17 3 0
code-intelligence.com/cifuzz/internal/bundler/libfuzzer_bundler.go:344.17,346.4 1 0
code-intelligence.com/cifuzz/internal/bundler/libfuzzer_bundler.go:347.3,348.17 2 0
code-intelligence.com/cifuzz/internal/bundler/libfuzzer_bundler.go:348.17,350.4 1 0
code-intelligence.com/cifuzz/internal/bundler/libfuzzer_bundler.go:352.3,352.42 1 0
code-intelligence.com/cifuzz/internal/bundler/libfuzzer_bundler.go:354.2,356.12 2 0
code-intelligence.com/cifuzz/internal/bundler/libfuzzer_bundler.go:359.54,361.28 2 0
code-intelligence.com/cifuzz/internal/bundler/libfuzzer_bundler.go:362.31,363.68 1 0
code-intelligence.com/cifuzz/internal/bundler/libfuzzer_bundler.go:364.31,365.48 1 0
code-intelligence.com/cifuzz/internal/bundler/libfuzzer_bundler.go:367.2,368.16 2 0
code-intelligence.com/cifuzz/internal/bundler/libfuzzer_bundler.go:368.16,371.3 2 0
code-intelligence.com/cifuzz/internal/bundler/libfuzzer_bundler.go:372.2,372.12 1 0
code-intelligence.com/cifuzz/internal/bundler/libfuzzer_bundler.go:380.3,389.16 4 1
code-intelligence.com/cifuzz/internal/bundler/libfuzzer_bundler.go:389.16,391.3 1 0
code-intelligence.com/cifuzz/internal/bundler/libfuzzer_bundler.go:392.2,392.9 1 1
code-intelligence.com/cifuzz/internal/bundler/libfuzzer_bundler.go:392.9,395.3 2 0
code-intelligence.com/cifuzz/internal/bundler/libfuzzer_bundler.go:396.2,397.16 2 1
code-intelligence.com/cifuzz/internal/bundler/libfuzzer_bundler.go:397.16,400.3 2 0
code-intelligence.com/cifuzz/internal/bundler/libfuzzer_bundler.go:401.2,403.16 3 1
code-intelligence.com/cifuzz/internal/bundler/libfuzzer_bundler.go:403.16,405.3 1 0
code-intelligence.com/cifuzz/internal/bundler/libfuzzer_bundler.go:409.2,411.16 3 1
code-intelligence.com/cifuzz/internal/bundler/libfuzzer_bundler.go:411.16,414.3 2 0
code-intelligence.com/cifuzz/internal/bundler/libfuzzer_bundler.go:415.2,415.16 1 1
code-intelligence.com/cifuzz/internal/bundler/libfuzzer_bundler.go:415.16,418.17 3 0
code-intelligence.com/cifuzz/internal/bundler/libfuzzer_bundler.go:418.17,420.4 1 0
code-intelligence.com/cifuzz/internal/bundler/libfuzzer_bundler.go:423.2,427.46 3 1
[...]
code-intelligence.com/cifuzz/util/archiveutil/archiveutil.go:108.2,108.49 1 0
code-intelligence.com/cifuzz/util/archiveutil/archiveutil.go:108.49,110.17 2 0
code-intelligence.com/cifuzz/util/archiveutil/archiveutil.go:110.17,112.4 1 0
code-intelligence.com/cifuzz/util/archiveutil/archiveutil.go:113.3,113.16 1 0
code-intelligence.com/cifuzz/util/archiveutil/archiveutil.go:113.16,114.37 1 0
code-intelligence.com/cifuzz/util/archiveutil/archiveutil.go:114.37,115.15 1 0
code-intelligence.com/cifuzz/util/archiveutil/archiveutil.go:119.3,122.78 2 0
code-intelligence.com/cifuzz/util/archiveutil/archiveutil.go:122.78,124.4 1 0
code-intelligence.com/cifuzz/util/archiveutil/archiveutil.go:126.3,126.27 1 0
code-intelligence.com/cifuzz/util/archiveutil/archiveutil.go:126.27,128.18 2 0
code-intelligence.com/cifuzz/util/archiveutil/archiveutil.go:128.18,130.5 1 0
code-intelligence.com/cifuzz/util/archiveutil/archiveutil.go:131.9,133.18 2 0
code-intelligence.com/cifuzz/util/archiveutil/archiveutil.go:133.18,135.5 1 0
code-intelligence.com/cifuzz/util/archiveutil/archiveutil.go:136.4,137.18 2 0
code-intelligence.com/cifuzz/util/archiveutil/archiveutil.go:137.18,139.5 1 0
code-intelligence.com/cifuzz/util/archiveutil/archiveutil.go:140.4,140.17 1 0
code-intelligence.com/cifuzz/util/archiveutil/archiveutil.go:140.17,141.37 1 0
code-intelligence.com/cifuzz/util/archiveutil/archiveutil.go:141.37,142.16 1 0
code-intelligence.com/cifuzz/util/archiveutil/archiveutil.go:146.4,147.18 2 0
code-intelligence.com/cifuzz/util/archiveutil/archiveutil.go:147.18,149.5 1 0
code-intelligence.com/cifuzz/util/archiveutil/archiveutil.go:151.3,151.13 1 0
code-intelligence.com/cifuzz/util/archiveutil/archiveutil.go:154.2,154.27 1 0
code-intelligence.com/cifuzz/util/archiveutil/archiveutil.go:154.27,156.17 2 0
code-intelligence.com/cifuzz/util/archiveutil/archiveutil.go:156.17,158.4 1 0
code-intelligence.com/cifuzz/util/archiveutil/archiveutil.go:161.2,161.12 1 0
code-intelligence.com/cifuzz/util/envutil/envutil.go:21.60,22.21 1 1
code-intelligence.com/cifuzz/util/envutil/envutil.go:22.21,24.3 1 1
code-intelligence.com/cifuzz/util/envutil/envutil.go:26.2,28.31 2 1
code-intelligence.com/cifuzz/util/envutil/envutil.go:28.31,29.42 1 1
code-intelligence.com/cifuzz/util/envutil/envutil.go:29.42,31.4 1 1
code-intelligence.com/cifuzz/util/envutil/envutil.go:34.2,34.45 1 1
code-intelligence.com/cifuzz/util/envutil/envutil.go:39.57,43.2 3 1
code-intelligence.com/cifuzz/util/envutil/envutil.go:47.46,50.2 2 1
code-intelligence.com/cifuzz/util/envutil/envutil.go:54.64,55.42 1 1
code-intelligence.com/cifuzz/util/envutil/envutil.go:55.42,57.3 1 0
code-intelligence.com/cifuzz/util/envutil/envutil.go:59.2,59.41 1 1
code-intelligence.com/cifuzz/util/envutil/envutil.go:59.41,61.3 1 0
code-intelligence.com/cifuzz/util/envutil/envutil.go:63.2,67.24 3 1
code-intelligence.com/cifuzz/util/envutil/envutil.go:67.24,68.35 1 1
code-intelligence.com/cifuzz/util/envutil/envutil.go:68.35,72.4 2 1
code-intelligence.com/cifuzz/util/envutil/envutil.go:76.2,77.17 2 1
code-intelligence.com/cifuzz/util/envutil/envutil.go:83.57,85.37 2 1
code-intelligence.com/cifuzz/util/envutil/envutil.go:85.37,87.17 2 1
code-intelligence.com/cifuzz/util/envutil/envutil.go:87.17,89.4 1 0
code-intelligence.com/cifuzz/util/envutil/envutil.go:91.2,91.17 1 1
code-intelligence.com/cifuzz/util/envutil/envutil.go:96.44,98.24 2 1
code-intelligence.com/cifuzz/util/envutil/envutil.go:98.24,100.18 2 1
code-intelligence.com/cifuzz/util/envutil/envutil.go:100.18,101.12 1 0
code-intelligence.com/cifuzz/util/envutil/envutil.go:103.3,104.17 2 1
code-intelligence.com/cifuzz/util/envutil/envutil.go:106.2,106.12 1 1
code-intelligence.com/cifuzz/util/envutil/envutil.go:109.39,111.24 2 1
code-intelligence.com/cifuzz/util/envutil/envutil.go:111.24,115.3 3 1
code-intelligence.com/cifuzz/util/envutil/envutil.go:116.2,116.18 1 1
code-intelligence.com/cifuzz/util/envutil/envutil.go:126.63,129.2 2 1
code-intelligence.com/cifuzz/util/envutil/envutil.go:136.81,138.64 2 1
code-intelligence.com/cifuzz/util/envutil/envutil.go:138.64,140.3 1 1
code-intelligence.com/cifuzz/util/envutil/envutil.go:141.2,141.11 1 1
code-intelligence.com/cifuzz/util/executil/executil.go:38.47,40.2 1 1
code-intelligence.com/cifuzz/util/executil/executil.go:49.75,57.2 1 1
code-intelligence.com/cifuzz/util/executil/executil.go:65.70,66.21 1 1
code-intelligence.com/cifuzz/util/executil/executil.go:66.21,68.3 1 0
code-intelligence.com/cifuzz/util/executil/executil.go:69.2,69.22 1 1
code-intelligence.com/cifuzz/util/executil/executil.go:69.22,71.3 1 0
code-intelligence.com/cifuzz/util/executil/executil.go:72.2,73.16 2 1
code-intelligence.com/cifuzz/util/executil/executil.go:73.16,75.3 1 0
code-intelligence.com/cifuzz/util/executil/executil.go:76.2,78.16 3 1
code-intelligence.com/cifuzz/util/executil/executil.go:82.70,83.21 1 1
code-intelligence.com/cifuzz/util/executil/executil.go:83.21,85.3 1 0
code-intelligence.com/cifuzz/util/executil/executil.go:86.2,86.22 1 1
code-intelligence.com/cifuzz/util/executil/executil.go:86.22,88.3 1 0
code-intelligence.com/cifuzz/util/executil/executil.go:89.2,90.16 2 1
code-intelligence.com/cifuzz/util/executil/executil.go:90.16,92.3 1 0
code-intelligence.com/cifuzz/util/executil/executil.go:93.2,95.16 3 1
code-intelligence.com/cifuzz/util/executil/executil.go:101.29,102.22 1 1
code-intelligence.com/cifuzz/util/executil/executil.go:102.22,104.3 1 0
code-intelligence.com/cifuzz/util/executil/executil.go:107.2,107.18 1 1
code-intelligence.com/cifuzz/util/executil/executil.go:107.18,108.10 1 1
code-intelligence.com/cifuzz/util/executil/executil.go:109.23,111.22 2 0
code-intelligence.com/cifuzz/util/executil/executil.go:112.11,112.11 0 1
code-intelligence.com/cifuzz/util/executil/executil.go:116.2,124.16 5 1
code-intelligence.com/cifuzz/util/executil/executil.go:124.16,127.3 2 0
code-intelligence.com/cifuzz/util/executil/executil.go:129.2,129.18 1 1
code-intelligence.com/cifuzz/util/executil/executil.go:129.18,130.13 1 1
code-intelligence.com/cifuzz/util/executil/executil.go:130.13,131.11 1 1
code-intelligence.com/cifuzz/util/executil/executil.go:132.24,140.19 4 1
code-intelligence.com/cifuzz/util/executil/executil.go:140.19,142.6 1 0
code-intelligence.com/cifuzz/util/executil/executil.go:143.5,145.32 3 1
code-intelligence.com/cifuzz/util/executil/executil.go:146.22,146.22 0 1
code-intelligence.com/cifuzz/util/executil/executil.go:151.2,151.12 1 1
code-intelligence.com/cifuzz/util/executil/executil.go:154.49,159.2 4 1
code-intelligence.com/cifuzz/util/executil/executil.go:163.28,167.23 3 1
code-intelligence.com/cifuzz/util/executil/executil.go:167.23,169.3 1 1
code-intelligence.com/cifuzz/util/executil/executil.go:171.2,171.24 1 1
code-intelligence.com/cifuzz/util/executil/executil.go:171.24,175.37 2 1
code-intelligence.com/cifuzz/util/executil/executil.go:175.37,177.4 1 0
code-intelligence.com/cifuzz/util/executil/executil.go:180.2,180.30 1 1
code-intelligence.com/cifuzz/util/executil/executil.go:184.27,186.16 2 1
code-intelligence.com/cifuzz/util/executil/executil.go:186.16,188.3 1 0
code-intelligence.com/cifuzz/util/executil/executil.go:190.2,190.17 1 1
code-intelligence.com/cifuzz/util/executil/executil.go:193.53,194.29 1 1
code-intelligence.com/cifuzz/util/executil/executil.go:194.29,196.3 1 1
code-intelligence.com/cifuzz/util/executil/executil.go:207.48,213.12 4 1
code-intelligence.com/cifuzz/util/executil/executil.go:213.12,214.10 1 1
code-intelligence.com/cifuzz/util/executil/executil.go:215.20,217.21 1 1
code-intelligence.com/cifuzz/util/executil/executil.go:218.20,223.18 3 0
code-intelligence.com/cifuzz/util/executil/executil.go:223.18,226.5 2 0
code-intelligence.com/cifuzz/util/executil/executil.go:229.4,231.18 3 0
code-intelligence.com/cifuzz/util/executil/executil.go:231.18,234.5 2 0
code-intelligence.com/cifuzz/util/executil/executil.go:235.4,236.18 2 0
code-intelligence.com/cifuzz/util/executil/executil.go:236.18,239.5 2 0
code-intelligence.com/cifuzz/util/executil/executil.go:243.2,243.13 1 1
code-intelligence.com/cifuzz/util/executil/executil_unix.go:29.42,32.31 3 1
code-intelligence.com/cifuzz/util/executil/executil_unix.go:32.31,34.3 1 0
code-intelligence.com/cifuzz/util/executil/executil_unix.go:35.2,36.63 2 1
code-intelligence.com/cifuzz/util/executil/executil_unix.go:39.45,51.9 4 1
code-intelligence.com/cifuzz/util/executil/executil_unix.go:52.56,58.52 2 0
code-intelligence.com/cifuzz/util/executil/executil_unix.go:59.20,59.20 0 1
code-intelligence.com/cifuzz/util/executil/executil_unix.go:65.2,65.12 1 1
code-intelligence.com/cifuzz/util/executil/executil_unix.go:68.48,69.26 1 1
code-intelligence.com/cifuzz/util/executil/executil_unix.go:69.26,71.3 1 1
code-intelligence.com/cifuzz/util/executil/executil_unix.go:75.2,79.24 2 1
code-intelligence.com/cifuzz/util/fileutil/fileutil.go:15.34,17.16 2 0
code-intelligence.com/cifuzz/util/fileutil/fileutil.go:17.16,19.3 1 0
code-intelligence.com/cifuzz/util/fileutil/fileutil.go:20.2,20.37 1 0
code-intelligence.com/cifuzz/util/fileutil/fileutil.go:25.30,27.16 2 1
code-intelligence.com/cifuzz/util/fileutil/fileutil.go:27.16,29.3 1 1
code-intelligence.com/cifuzz/util/fileutil/fileutil.go:30.2,30.33 1 1
code-intelligence.com/cifuzz/util/fileutil/fileutil.go:34.31,36.48 2 1
code-intelligence.com/cifuzz/util/fileutil/fileutil.go:36.48,38.3 1 0
code-intelligence.com/cifuzz/util/fileutil/fileutil.go:39.2,40.16 2 1
code-intelligence.com/cifuzz/util/fileutil/fileutil.go:40.16,42.3 1 0
code-intelligence.com/cifuzz/util/fileutil/fileutil.go:43.2,43.12 1 1
code-intelligence.com/cifuzz/util/fileutil/fileutil.go:46.40,48.51 2 1
code-intelligence.com/cifuzz/util/fileutil/fileutil.go:48.51,50.3 1 0
code-intelligence.com/cifuzz/util/fileutil/fileutil.go:51.2,51.45 1 1
code-intelligence.com/cifuzz/util/fileutil/fileutil.go:57.27,58.37 1 1
code-intelligence.com/cifuzz/util/fileutil/fileutil.go:58.37,60.3 1 0
code-intelligence.com/cifuzz/util/fileutil/fileutil.go:62.2,63.16 2 1
code-intelligence.com/cifuzz/util/fileutil/fileutil.go:63.16,65.3 1 0
code-intelligence.com/cifuzz/util/fileutil/fileutil.go:72.39,74.16 2 1
code-intelligence.com/cifuzz/util/fileutil/fileutil.go:74.16,76.3 1 0
code-intelligence.com/cifuzz/util/fileutil/fileutil.go:77.2,78.16 2 1
code-intelligence.com/cifuzz/util/fileutil/fileutil.go:78.16,80.3 1 0
code-intelligence.com/cifuzz/util/fileutil/fileutil.go:81.2,81.84 1 1
code-intelligence.com/cifuzz/util/fileutil/fileutil.go:81.84,83.3 1 1
code-intelligence.com/cifuzz/util/fileutil/fileutil.go:84.2,84.12 1 1
code-intelligence.com/cifuzz/util/fileutil/fileutil.go:89.54,90.50 1 1
code-intelligence.com/cifuzz/util/fileutil/fileutil.go:90.50,92.3 1 0
code-intelligence.com/cifuzz/util/fileutil/fileutil.go:93.2,94.16 2 1
code-intelligence.com/cifuzz/util/fileutil/fileutil.go:94.16,102.3 1 0
code-intelligence.com/cifuzz/util/fileutil/fileutil.go:103.2,103.79 1 1
code-intelligence.com/cifuzz/util/fileutil/fileutil.go:108.50,111.39 3 1
code-intelligence.com/cifuzz/util/fileutil/fileutil.go:111.39,113.3 1 0
code-intelligence.com/cifuzz/util/fileutil/fileutil.go:114.2,115.16 2 1
code-intelligence.com/cifuzz/util/fileutil/fileutil.go:115.16,117.3 1 0
code-intelligence.com/cifuzz/util/fileutil/fileutil.go:118.2,119.16 2 1
code-intelligence.com/cifuzz/util/fileutil/fileutil.go:119.16,121.3 1 0
code-intelligence.com/cifuzz/util/fileutil/fileutil.go:122.2,122.12 1 1
code-intelligence.com/cifuzz/util/fileutil/fileutil.go:137.29,138.31 1 1
code-intelligence.com/cifuzz/util/fileutil/fileutil.go:138.31,140.3 1 1
code-intelligence.com/cifuzz/util/fileutil/fileutil.go:141.2,142.16 2 0
code-intelligence.com/cifuzz/util/fileutil/fileutil.go:142.16,145.3 2 0
code-intelligence.com/cifuzz/util/fileutil/fileutil.go:149.2,150.16 2 0
code-intelligence.com/cifuzz/util/fileutil/fileutil.go:150.16,152.3 1 0
code-intelligence.com/cifuzz/util/fileutil/fileutil.go:161.66,163.6 2 1
code-intelligence.com/cifuzz/util/fileutil/fileutil.go:163.6,166.17 3 1
code-intelligence.com/cifuzz/util/fileutil/fileutil.go:166.17,168.4 1 0
code-intelligence.com/cifuzz/util/fileutil/fileutil.go:169.3,169.13 1 1
code-intelligence.com/cifuzz/util/fileutil/fileutil.go:169.13,171.4 1 1
code-intelligence.com/cifuzz/util/fileutil/fileutil.go:174.3,174.45 1 1
code-intelligence.com/cifuzz/util/fileutil/fileutil.go:174.45,175.9 1 1
code-intelligence.com/cifuzz/util/fileutil/fileutil.go:179.3,179.40 1 1
code-intelligence.com/cifuzz/util/fileutil/fileutil.go:182.2,182.27 1 1
code-intelligence.com/cifuzz/util/fileutil/fileutil.go:205.40,207.2 1 1
code-intelligence.com/cifuzz/util/fileutil/fileutil.go:209.43,210.69 1 1
code-intelligence.com/cifuzz/util/fileutil/fileutil.go:210.69,212.17 2 1
code-intelligence.com/cifuzz/util/fileutil/fileutil.go:212.17,215.4 2 0
code-intelligence.com/cifuzz/util/fileutil/fileutil.go:216.3,216.21 1 1
code-intelligence.com/cifuzz/util/fileutil/fileutil.go:216.21,218.4 1 1
code-intelligence.com/cifuzz/util/fileutil/fileutil.go:221.2,221.14 1 1
code-intelligence.com/cifuzz/util/regexutil/regexutil.go:7.89,8.60 1 1
code-intelligence.com/cifuzz/util/regexutil/regexutil.go:8.60,10.45 2 1
code-intelligence.com/cifuzz/util/regexutil/regexutil.go:10.45,11.28 1 1
code-intelligence.com/cifuzz/util/regexutil/regexutil.go:11.28,13.5 1 1
code-intelligence.com/cifuzz/util/regexutil/regexutil.go:15.3,15.22 1 1
code-intelligence.com/cifuzz/util/regexutil/regexutil.go:17.2,17.19 1 1
code-intelligence.com/cifuzz/util/regexutil/regexutil.go:22.96,25.71 2 1
code-intelligence.com/cifuzz/util/regexutil/regexutil.go:25.71,26.33 1 1
code-intelligence.com/cifuzz/util/regexutil/regexutil.go:26.33,29.46 2 1
code-intelligence.com/cifuzz/util/regexutil/regexutil.go:29.46,30.29 1 1
code-intelligence.com/cifuzz/util/regexutil/regexutil.go:30.29,32.6 1 1
code-intelligence.com/cifuzz/util/regexutil/regexutil.go:34.4,34.37 1 1
code-intelligence.com/cifuzz/util/regexutil/regexutil.go:38.2,38.22 1 1
code-intelligence.com/cifuzz/util/regexutil/regexutil.go:38.22,40.3 1 1
code-intelligence.com/cifuzz/util/regexutil/regexutil.go:42.2,42.19 1 0
code-intelligence.com/cifuzz/util/sliceutil/sliceutil.go:17.68,19.15 2 1
code-intelligence.com/cifuzz/util/sliceutil/sliceutil.go:19.15,20.31 1 1
code-intelligence.com/cifuzz/util/sliceutil/sliceutil.go:20.31,22.4 1 0
code-intelligence.com/cifuzz/util/sliceutil/sliceutil.go:25.2,25.39 1 1
code-intelligence.com/cifuzz/util/sliceutil/sliceutil.go:25.39,26.63 1 1
code-intelligence.com/cifuzz/util/sliceutil/sliceutil.go:26.63,28.4 1 1
code-intelligence.com/cifuzz/util/sliceutil/sliceutil.go:30.2,30.14 1 1
code-intelligence.com/cifuzz/util/sliceutil/sliceutil.go:36.57,37.38 1 1
code-intelligence.com/cifuzz/util/sliceutil/sliceutil.go:37.38,39.3 1 0
code-intelligence.com/cifuzz/util/sliceutil/sliceutil.go:41.2,42.9 2 1
code-intelligence.com/cifuzz/util/sliceutil/sliceutil.go:42.9,44.3 1 1
code-intelligence.com/cifuzz/util/sliceutil/sliceutil.go:46.2,47.9 2 0
code-intelligence.com/cifuzz/util/sliceutil/sliceutil.go:47.9,49.3 1 0
code-intelligence.com/cifuzz/util/sliceutil/sliceutil.go:50.2,50.30 1 0
code-intelligence.com/cifuzz/util/sliceutil/sliceutil.go:50.30,52.3 1 0
code-intelligence.com/cifuzz/util/sliceutil/sliceutil.go:53.2,53.30 1 0
code-intelligence.com/cifuzz/util/sliceutil/sliceutil.go:56.41,57.22 1 0
code-intelligence.com/cifuzz/util/sliceutil/sliceutil.go:57.22,59.3 1 0
code-intelligence.com/cifuzz/util/sliceutil/sliceutil.go:60.2,60.19 1 0
code-intelligence.com/cifuzz/util/sliceutil/sliceutil.go:60.19,61.19 1 0
code-intelligence.com/cifuzz/util/sliceutil/sliceutil.go:61.19,63.4 1 0
code-intelligence.com/cifuzz/util/sliceutil/sliceutil.go:65.2,65.13 1 0
code-intelligence.com/cifuzz/util/sliceutil/sliceutil.go:68.52,71.32 3 0
code-intelligence.com/cifuzz/util/sliceutil/sliceutil.go:71.32,72.41 1 0
code-intelligence.com/cifuzz/util/sliceutil/sliceutil.go:72.41,73.12 1 0
code-intelligence.com/cifuzz/util/sliceutil/sliceutil.go:75.3,76.29 2 0
code-intelligence.com/cifuzz/util/sliceutil/sliceutil.go:78.2,78.12 1 0
code-intelligence.com/cifuzz/util/stringutil/stringutil.go:11.50,14.16 3 0
code-intelligence.com/cifuzz/util/stringutil/stringutil.go:14.16,16.3 1 0
code-intelligence.com/cifuzz/util/stringutil/stringutil.go:17.2,17.27 1 0
code-intelligence.com/cifuzz/util/stringutil/stringutil.go:20.41,22.16 2 0
code-intelligence.com/cifuzz/util/stringutil/stringutil.go:22.16,24.3 1 0
code-intelligence.com/cifuzz/util/stringutil/stringutil.go:25.2,25.19 1 0
code-intelligence.com/cifuzz/util/stringutil/stringutil.go:29.54,31.2 1 1
code-intelligence.com/cifuzz/util/stringutil/stringutil.go:34.40,36.26 2 1
code-intelligence.com/cifuzz/util/stringutil/stringutil.go:36.26,37.14 1 1
code-intelligence.com/cifuzz/util/stringutil/stringutil.go:37.14,39.4 1 1
code-intelligence.com/cifuzz/util/stringutil/stringutil.go:41.2,41.12 1 1
code-intelligence.com/cifuzz/util/stringutil/stringutil.go:44.58,45.21 1 0
code-intelligence.com/cifuzz/util/stringutil/stringutil.go:46.9,47.13 1 0
code-intelligence.com/cifuzz/util/stringutil/stringutil.go:48.9,49.19 1 0
code-intelligence.com/cifuzz/util/stringutil/stringutil.go:52.2,53.31 2 0
code-intelligence.com/cifuzz/util/stringutil/stringutil.go:53.31,55.3 1 0
code-intelligence.com/cifuzz/util/stringutil/stringutil.go:56.2,56.12 1 0
code-intelligence.com/cifuzz/util/stringutil/stringutil.go:59.45,61.28 2 1
code-intelligence.com/cifuzz/util/stringutil/stringutil.go:61.28,63.3 1 1
code-intelligence.com/cifuzz/util/stringutil/stringutil.go:64.2,64.20 1 1
code-intelligence.com/cifuzz/util/stringutil/stringutil.go:67.52,68.26 1 1
code-intelligence.com/cifuzz/util/stringutil/stringutil.go:68.26,69.19 1 1
code-intelligence.com/cifuzz/util/stringutil/stringutil.go:69.19,71.4 1 1
code-intelligence.com/cifuzz/util/stringutil/stringutil.go:73.2,73.14 1 0
code-intelligence.com/cifuzz/util/stringutil/stringutil.go:76.67,77.26 1 0
code-intelligence.com/cifuzz/util/stringutil/stringutil.go:77.26,78.35 1 0
code-intelligence.com/cifuzz/util/stringutil/stringutil.go:78.35,80.4 1 0
code-intelligence.com/cifuzz/util/stringutil/stringutil.go:82.2,82.14 1 0
code-intelligence.com/cifuzz/util/stringutil/stringutil.go:85.32,86.22 1 0
code-intelligence.com/cifuzz/util/stringutil/stringutil.go:86.22,88.3 1 0
code-intelligence.com/cifuzz/util/stringutil/stringutil.go:89.2,89.19 1 0
code-intelligence.com/cifuzz/util/stringutil/stringutil.go:89.19,90.19 1 0
code-intelligence.com/cifuzz/util/stringutil/stringutil.go:90.19,92.4 1 0
code-intelligence.com/cifuzz/util/stringutil/stringutil.go:94.2,94.13 1 0
code-intelligence.com/cifuzz/util/stringutil/stringutil.go:97.45,101.22 2 0
code-intelligence.com/cifuzz/util/stringutil/stringutil.go:101.22,103.3 1 0
code-intelligence.com/cifuzz/util/stringutil/stringutil.go:105.2,106.22 2 0
code-intelligence.com/cifuzz/util/stringutil/stringutil.go:106.22,107.32 1 0
code-intelligence.com/cifuzz/util/stringutil/stringutil.go:107.32,109.4 1 0
code-intelligence.com/cifuzz/util/stringutil/stringutil.go:111.2,111.13 1 0
code-intelligence.com/cifuzz/util/stringutil/stringutil.go:114.33,116.26 2 0
code-intelligence.com/cifuzz/util/stringutil/stringutil.go:116.26,117.19 1 0
code-intelligence.com/cifuzz/util/stringutil/stringutil.go:117.19,119.4 1 0
code-intelligence.com/cifuzz/util/stringutil/stringutil.go:121.2,121.12 1 0
code-intelligence.com/cifuzz/util/stringutil/stringutil.go:125.49,126.12 1 1
code-intelligence.com/cifuzz/util/stringutil/stringutil.go:126.12,127.70 1 1
code-intelligence.com/cifuzz/util/stringutil/stringutil.go:130.2,132.33 2 1
code-intelligence.com/cifuzz/util/stringutil/stringutil.go:132.33,134.19 1 1
code-intelligence.com/cifuzz/util/stringutil/stringutil.go:134.19,136.4 1 1
code-intelligence.com/cifuzz/util/stringutil/stringutil.go:136.9,138.4 1 1
code-intelligence.com/cifuzz/util/stringutil/stringutil.go:140.2,140.15 1 1
/home/jochen/dev/workspace/ci/cifuzz/cmd/cifuzz/main.go:12.13,19.2 4 1
/home/jochen/dev/workspace/ci/cifuzz/cmd/cifuzz/main.go:21.13,23.2 1 1
